#
# There is insufficient memory for the Java Runtime Environment to continue.
# Native memory allocation (malloc) failed to allocate 1048576 bytes. Error detail: AllocateHeap
# Possible reasons:
#   The system is out of physical RAM or swap space
#   This process is running with CompressedOops enabled, and the Java Heap may be blocking the growth of the native heap
# Possible solutions:
#   Reduce memory load on the system
#   Increase physical memory or swap space
#   Check if swap backing store is full
#   Decrease Java heap size (-Xmx/-Xms)
#   Decrease number of Java threads
#   Decrease Java thread stack sizes (-Xss)
#   Set larger code cache with -XX:ReservedCodeCacheSize=
#   JVM is running with Unscaled Compressed Oops mode in which the Java heap is
#     placed in the first 4GB address space. The Java Heap base address is the
#     maximum limit for the native heap growth. Please use -XX:HeapBaseMinAddress
#     to set the Java Heap base and to place the Java Heap above 4GB virtual address.
# This output file may be truncated or incomplete.
#
#  Out of Memory Error (allocation.cpp:44), pid=27232, tid=31144
#
# JRE version: OpenJDK Runtime Environment Temurin-21.0.10+7 (21.0.10+7) (build 21.0.10+7-LTS)
# Java VM: OpenJDK 64-Bit Server VM Temurin-21.0.10+7 (21.0.10+7-LTS, mixed mode, sharing, tiered, compressed oops, compressed class ptrs, parallel gc, windows-amd64)
# No core dump will be written. Minidumps are not enabled by default on client versions of Windows
#

---------------  S U M M A R Y ------------

Command Line: --add-modules=ALL-SYSTEM --add-opens=java.base/java.util=ALL-UNNAMED --add-opens=java.base/java.lang=ALL-UNNAMED --add-opens=java.base/sun.nio.fs=ALL-UNNAMED -Declipse.application=org.eclipse.jdt.ls.core.id1 -Dosgi.bundles.defaultStartLevel=4 -Declipse.product=org.eclipse.jdt.ls.core.product -Djava.import.generatesMetadataFilesAtProjectRoot=false -DDetectVMInstallationsJob.disabled=true -Dfile.encoding=utf8 -XX:+UseParallelGC -XX:GCTimeRatio=4 -XX:AdaptiveSizePolicyWeight=90 -Dsun.zip.disableMemoryMapping=true -Xmx2G -Xms100m -Xlog:disable -javaagent:c:\Users\LENOVO\.vscode\extensions\redhat.java-1.54.0-win32-x64\lombok\lombok-1.18.39-4050.jar -XX:+HeapDumpOnOutOfMemoryError -XX:HeapDumpPath=c:\Users\LENOVO\AppData\Roaming\Code\User\workspaceStorage\bfb26a46be49cca22d8908512dd732fc\redhat.java -Daether.dependencyCollector.impl=bf c:\Users\LENOVO\.vscode\extensions\redhat.java-1.54.0-win32-x64\server\plugins\org.eclipse.equinox.launcher_1.7.100.v20251111-0406.jar -configuration c:\Users\LENOVO\AppData\Roaming\Code\User\globalStorage\redhat.java\1.54.0\config_win -data c:\Users\LENOVO\AppData\Roaming\Code\User\workspaceStorage\bfb26a46be49cca22d8908512dd732fc\redhat.java\jdt_ws --pipe=\\.\pipe\lsp-afa0ee3a6770687287e525fb920bcf2a-sock

Host: 13th Gen Intel(R) Core(TM) i7-13620H, 16 cores, 15G,  Windows 11 , 64 bit Build 26100 (10.0.26100.8328)
Time: Tue May  5 11:00:07 2026 SE Asia Standard Time elapsed time: 38820.230228 seconds (0d 10h 47m 0s)

---------------  T H R E A D  ---------------

Current thread (0x00000282df54cbc0):  JavaThread "Attach Listener" daemon [_thread_in_vm, id=31144, stack(0x000000d5c1100000,0x000000d5c1200000) (1024K)]

Stack: [0x000000d5c1100000,0x000000d5c1200000]
Native frames: (J=compiled Java code, j=interpreted, Vv=VM code, C=native code)
V  [jvm.dll+0x6d7a39]
V  [jvm.dll+0x8b4b26]
V  [jvm.dll+0x8b70de]
V  [jvm.dll+0x8b77c3]
V  [jvm.dll+0x284346]
V  [jvm.dll+0xc1277]
V  [jvm.dll+0x6d82e9]
V  [jvm.dll+0x1334a6]
V  [jvm.dll+0x3f857e]
V  [jvm.dll+0x85f59d]
V  [jvm.dll+0x6d626d]
C  [ucrtbase.dll+0x37b0]
C  [KERNEL32.DLL+0x2e957]
C  [ntdll.dll+0x427c]


---------------  P R O C E S S  ---------------

Threads class SMR info:
_java_thread_list=0x00000282c32efe10, length=46, elements={
0x00000282df5b6b00, 0x00000282df546f80, 0x00000282df547da0, 0x00000282df54ba40,
0x00000282df54cbc0, 0x00000282f7344f70, 0x00000282df554ee0, 0x00000282df557890,
0x00000282f73a9940, 0x00000282f75c2c50, 0x00000282f7490ad0, 0x00000282fd544460,
0x00000282fd5641c0, 0x00000282fdace320, 0x00000282fdaced60, 0x00000282fe1eb1c0,
0x00000282fe2ccd20, 0x00000282f739cc80, 0x00000282fd7d00a0, 0x00000282fd7d0730,
0x00000282fd7d1ae0, 0x00000282fd7d2800, 0x00000282fd7d3520, 0x00000282c2158ba0,
0x00000282c2159230, 0x00000282c2157160, 0x00000282c21577f0, 0x00000282c2157e80,
0x00000282c2155db0, 0x00000282c2158510, 0x00000282c21598c0, 0x00000282c2156440,
0x00000282c2159f50, 0x00000282c2156ad0, 0x00000282c215b990, 0x00000282c215a5e0,
0x00000282c215d3d0, 0x00000282c215c6b0, 0x00000282c215cd40, 0x00000282c215c020,
0x00000282c215ac70, 0x00000282c215b300, 0x00000282c1566a10, 0x00000282c15642b0,
0x00000282fee0fa90, 0x00000282fee10e40
}

Java Threads: ( => current thread )
  0x00000282df5b6b00 JavaThread "main"                              [_thread_blocked, id=23576, stack(0x000000d5c0a00000,0x000000d5c0b00000) (1024K)]
  0x00000282df546f80 JavaThread "Reference Handler"          daemon [_thread_blocked, id=33740, stack(0x000000d5c0e00000,0x000000d5c0f00000) (1024K)]
  0x00000282df547da0 JavaThread "Finalizer"                  daemon [_thread_blocked, id=4760, stack(0x000000d5c0f00000,0x000000d5c1000000) (1024K)]
  0x00000282df54ba40 JavaThread "Signal Dispatcher"          daemon [_thread_blocked, id=35048, stack(0x000000d5c1000000,0x000000d5c1100000) (1024K)]
=>0x00000282df54cbc0 JavaThread "Attach Listener"            daemon [_thread_in_vm, id=31144, stack(0x000000d5c1100000,0x000000d5c1200000) (1024K)]
  0x00000282f7344f70 JavaThread "Service Thread"             daemon [_thread_blocked, id=30744, stack(0x000000d5c1200000,0x000000d5c1300000) (1024K)]
  0x00000282df554ee0 JavaThread "Monitor Deflation Thread"   daemon [_thread_blocked, id=25116, stack(0x000000d5c1300000,0x000000d5c1400000) (1024K)]
  0x00000282df557890 JavaThread "C2 CompilerThread0"         daemon [_thread_blocked, id=34364, stack(0x000000d5c1400000,0x000000d5c1500000) (1024K)]
  0x00000282f73a9940 JavaThread "C1 CompilerThread0"         daemon [_thread_blocked, id=16880, stack(0x000000d5c1500000,0x000000d5c1600000) (1024K)]
  0x00000282f75c2c50 JavaThread "Common-Cleaner"             daemon [_thread_blocked, id=16636, stack(0x000000d5c1a00000,0x000000d5c1b00000) (1024K)]
  0x00000282f7490ad0 JavaThread "Notification Thread"        daemon [_thread_blocked, id=21000, stack(0x000000d5c1800000,0x000000d5c1900000) (1024K)]
  0x00000282fd544460 JavaThread "Active Thread: Equinox Container: e0358460-dd7b-45b7-88b7-d97184e32ad3"        [_thread_blocked, id=12484, stack(0x000000d5c1d00000,0x000000d5c1e00000) (1024K)]
  0x00000282fd5641c0 JavaThread "Refresh Thread: Equinox Container: e0358460-dd7b-45b7-88b7-d97184e32ad3" daemon [_thread_blocked, id=14588, stack(0x000000d5c2500000,0x000000d5c2600000) (1024K)]
  0x00000282fdace320 JavaThread "Framework Event Dispatcher: Equinox Container: e0358460-dd7b-45b7-88b7-d97184e32ad3" daemon [_thread_blocked, id=21972, stack(0x000000d5c2600000,0x000000d5c2700000) (1024K)]
  0x00000282fdaced60 JavaThread "Start Level: Equinox Container: e0358460-dd7b-45b7-88b7-d97184e32ad3" daemon [_thread_blocked, id=23464, stack(0x000000d5c2700000,0x000000d5c2800000) (1024K)]
  0x00000282fe1eb1c0 JavaThread "Bundle File Closer"         daemon [_thread_blocked, id=34800, stack(0x000000d5c2b00000,0x000000d5c2c00000) (1024K)]
  0x00000282fe2ccd20 JavaThread "SCR Component Actor"        daemon [_thread_blocked, id=18504, stack(0x000000d5c1700000,0x000000d5c1800000) (1024K)]
  0x00000282f739cc80 JavaThread "Worker-JM"                         [_thread_blocked, id=3696, stack(0x000000d5c2c00000,0x000000d5c2d00000) (1024K)]
  0x00000282fd7d00a0 JavaThread "JNA Cleaner"                daemon [_thread_blocked, id=14380, stack(0x000000d5c1900000,0x000000d5c1a00000) (1024K)]
  0x00000282fd7d0730 JavaThread "Worker-2"                          [_thread_blocked, id=10988, stack(0x000000d5c3200000,0x000000d5c3300000) (1024K)]
  0x00000282fd7d1ae0 JavaThread "Java indexing"              daemon [_thread_blocked, id=33156, stack(0x000000d5c3400000,0x000000d5c3500000) (1024K)]
  0x00000282fd7d2800 JavaThread "Worker-4"                          [_thread_blocked, id=33124, stack(0x000000d5c3a00000,0x000000d5c3b00000) (1024K)]
  0x00000282fd7d3520 JavaThread "Thread-1"                   daemon [_thread_in_native, id=11864, stack(0x000000d5c3c00000,0x000000d5c3d00000) (1024K)]
  0x00000282c2158ba0 JavaThread "Thread-2"                   daemon [_thread_in_native, id=33872, stack(0x000000d5c3d00000,0x000000d5c3e00000) (1024K)]
  0x00000282c2159230 JavaThread "Thread-3"                   daemon [_thread_in_native, id=26288, stack(0x000000d5c3e00000,0x000000d5c3f00000) (1024K)]
  0x00000282c2157160 JavaThread "Thread-4"                   daemon [_thread_in_native, id=33860, stack(0x000000d5c3f00000,0x000000d5c4000000) (1024K)]
  0x00000282c21577f0 JavaThread "Thread-5"                   daemon [_thread_in_native, id=1276, stack(0x000000d5c4000000,0x000000d5c4100000) (1024K)]
  0x00000282c2157e80 JavaThread "Thread-6"                   daemon [_thread_in_native, id=6264, stack(0x000000d5c4100000,0x000000d5c4200000) (1024K)]
  0x00000282c2155db0 JavaThread "Thread-7"                   daemon [_thread_in_native, id=17256, stack(0x000000d5c4200000,0x000000d5c4300000) (1024K)]
  0x00000282c2158510 JavaThread "Thread-8"                   daemon [_thread_in_native, id=1320, stack(0x000000d5c4300000,0x000000d5c4400000) (1024K)]
  0x00000282c21598c0 JavaThread "Thread-9"                   daemon [_thread_in_native, id=22828, stack(0x000000d5c4400000,0x000000d5c4500000) (1024K)]
  0x00000282c2156440 JavaThread "Thread-10"                  daemon [_thread_in_native, id=19744, stack(0x000000d5c4500000,0x000000d5c4600000) (1024K)]
  0x00000282c2159f50 JavaThread "Thread-11"                  daemon [_thread_in_native, id=27304, stack(0x000000d5c4600000,0x000000d5c4700000) (1024K)]
  0x00000282c2156ad0 JavaThread "Thread-12"                  daemon [_thread_in_native, id=14968, stack(0x000000d5c4700000,0x000000d5c4800000) (1024K)]
  0x00000282c215b990 JavaThread "Thread-13"                  daemon [_thread_in_native, id=14024, stack(0x000000d5c4800000,0x000000d5c4900000) (1024K)]
  0x00000282c215a5e0 JavaThread "Thread-14"                  daemon [_thread_in_native, id=20340, stack(0x000000d5c4900000,0x000000d5c4a00000) (1024K)]
  0x00000282c215d3d0 JavaThread "Thread-15"                  daemon [_thread_in_native, id=35484, stack(0x000000d5c4a00000,0x000000d5c4b00000) (1024K)]
  0x00000282c215c6b0 JavaThread "Thread-16"                  daemon [_thread_in_native, id=31420, stack(0x000000d5c4b00000,0x000000d5c4c00000) (1024K)]
  0x00000282c215cd40 JavaThread "Thread-17"                  daemon [_thread_in_native, id=29080, stack(0x000000d5c4c00000,0x000000d5c4d00000) (1024K)]
  0x00000282c215c020 JavaThread "pool-2-thread-1"                   [_thread_blocked, id=3876, stack(0x000000d5c4d00000,0x000000d5c4e00000) (1024K)]
  0x00000282c215ac70 JavaThread "WorkspaceEventsHandler"            [_thread_blocked, id=8984, stack(0x000000d5c5100000,0x000000d5c5200000) (1024K)]
  0x00000282c215b300 JavaThread "pool-1-thread-1"                   [_thread_blocked, id=2084, stack(0x000000d5c5200000,0x000000d5c5300000) (1024K)]
  0x00000282c1566a10 JavaThread "Cleaner-0"                  daemon [_thread_blocked, id=29668, stack(0x000000d5c7300000,0x000000d5c7400000) (1024K)]
  0x00000282c15642b0 JavaThread "Java Debug Server"          daemon [_thread_in_native, id=16916, stack(0x000000d5c7400000,0x000000d5c7500000) (1024K)]
  0x00000282fee0fa90 JavaThread "RxSchedulerPurge-1"         daemon [_thread_blocked, id=19184, stack(0x000000d5c7700000,0x000000d5c7800000) (1024K)]
  0x00000282fee10e40 JavaThread "RxCachedWorkerPoolEvictor-1" daemon [_thread_blocked, id=23760, stack(0x000000d5c7800000,0x000000d5c7900000) (1024K)]
Total: 46

Other Threads:
  0x00000282df656be0 VMThread "VM Thread"                           [id=8500, stack(0x000000d5c0d00000,0x000000d5c0e00000) (1024K)]
  0x00000282df623d80 WatcherThread "VM Periodic Task Thread"        [id=28732, stack(0x000000d5c0c00000,0x000000d5c0d00000) (1024K)]
  0x00000282df5d5c00 WorkerThread "GC Thread#0"                     [id=8540, stack(0x000000d5c0b00000,0x000000d5c0c00000) (1024K)]
  0x00000282fd1feac0 WorkerThread "GC Thread#1"                     [id=30956, stack(0x000000d5c1e00000,0x000000d5c1f00000) (1024K)]
  0x00000282fd6665a0 WorkerThread "GC Thread#2"                     [id=22196, stack(0x000000d5c1f00000,0x000000d5c2000000) (1024K)]
  0x00000282fd666950 WorkerThread "GC Thread#3"                     [id=5188, stack(0x000000d5c2000000,0x000000d5c2100000) (1024K)]
  0x00000282fd666d00 WorkerThread "GC Thread#4"                     [id=35032, stack(0x000000d5c2100000,0x000000d5c2200000) (1024K)]
  0x00000282fda3eab0 WorkerThread "GC Thread#5"                     [id=12324, stack(0x000000d5c2200000,0x000000d5c2300000) (1024K)]
  0x00000282fda3ee60 WorkerThread "GC Thread#6"                     [id=24420, stack(0x000000d5c2300000,0x000000d5c2400000) (1024K)]
  0x00000282fda668c0 WorkerThread "GC Thread#7"                     [id=30636, stack(0x000000d5c2400000,0x000000d5c2500000) (1024K)]
  0x00000282fdf67850 WorkerThread "GC Thread#8"                     [id=17436, stack(0x000000d5c2800000,0x000000d5c2900000) (1024K)]
  0x00000282fdf87e20 WorkerThread "GC Thread#9"                     [id=17944, stack(0x000000d5c2900000,0x000000d5c2a00000) (1024K)]
  0x00000282fdf881d0 WorkerThread "GC Thread#10"                    [id=22896, stack(0x000000d5c2a00000,0x000000d5c2b00000) (1024K)]
  0x00000282fe0e6e10 WorkerThread "GC Thread#11"                    [id=26576, stack(0x000000d5c1b00000,0x000000d5c1c00000) (1024K)]
  0x00000282fe0e7570 WorkerThread "GC Thread#12"                    [id=25452, stack(0x000000d5c1c00000,0x000000d5c1d00000) (1024K)]
Total: 15

Threads with active compile tasks:
Total: 0

VM state: not at safepoint (normal execution)

VM Mutex/Monitor currently owned by a thread: None

Heap address: 0x0000000080000000, size: 2048 MB, Compressed Oops mode: 32-bit

CDS archive(s) mapped at: [0x0000028280000000-0x0000028280ba0000-0x0000028280ba0000), size 12189696, SharedBaseAddress: 0x0000028280000000, ArchiveRelocationMode: 1.
Compressed class space mapped at: 0x0000028281000000-0x00000282c1000000, reserved size: 1073741824
Narrow klass base: 0x0000028280000000, Narrow klass shift: 0, Narrow klass range: 0x100000000

GC Precious Log:
 CardTable entry size: 512
 CPUs: 16 total, 16 available
 Memory: 16107M
 Large Page Support: Disabled
 NUMA Support: Disabled
 Compressed Oops: Enabled (32-bit)
 Alignments: Space 512K, Generation 512K, Heap 2M
 Heap Min Capacity: 100M
 Heap Initial Capacity: 100M
 Heap Max Capacity: 2G
 Pre-touch: Disabled
 Parallel Workers: 13

Heap:
 PSYoungGen      total 19968K, used 17287K [0x00000000d5580000, 0x00000000d6c80000, 0x0000000100000000)
  eden space 18944K, 86% used [0x00000000d5580000,0x00000000d6571f40,0x00000000d6800000)
  from space 1024K, 93% used [0x00000000d6b00000,0x00000000d6bf0000,0x00000000d6c00000)
  to   space 512K, 0% used [0x00000000d6c00000,0x00000000d6c00000,0x00000000d6c80000)
 ParOldGen       total 68608K, used 53702K [0x0000000080000000, 0x0000000084300000, 0x00000000d5580000)
  object space 68608K, 78% used [0x0000000080000000,0x0000000083471bf0,0x0000000084300000)
 Metaspace       used 67711K, committed 69184K, reserved 1114112K
  class space    used 7274K, committed 7936K, reserved 1048576K

Card table byte_map: [0x00000282def50000,0x00000282df360000] _byte_map_base: 0x00000282deb50000

Marking Bits: (ParMarkBitMap*) 0x00007ffd3d543450
 Begin Bits: [0x00000282f1a60000, 0x00000282f3a60000)
 End Bits:   [0x00000282f3a60000, 0x00000282f5a60000)

Polling page: 0x00000282dd3d0000

Metaspace:

Usage:
  Non-class:     59.02 MB used.
      Class:      7.10 MB used.
       Both:     66.12 MB used.

Virtual space:
  Non-class space:       64.00 MB reserved,      59.81 MB ( 93%) committed,  1 nodes.
      Class space:        1.00 GB reserved,       7.75 MB ( <1%) committed,  1 nodes.
             Both:        1.06 GB reserved,      67.56 MB (  6%) committed. 

Chunk freelists:
   Non-Class:  3.67 MB
       Class:  8.29 MB
        Both:  11.96 MB

MaxMetaspaceSize: unlimited
CompressedClassSpaceSize: 1.00 GB
Initial GC threshold: 21.00 MB
Current GC threshold: 98.12 MB
CDS: on
 - commit_granule_bytes: 65536.
 - commit_granule_words: 8192.
 - virtual_space_node_default_size: 8388608.
 - enlarge_chunks_in_place: 1.
 - use_allocation_guard: 0.


Internal statistics:

num_allocs_failed_limit: 15.
num_arena_births: 1144.
num_arena_deaths: 18.
num_vsnodes_births: 2.
num_vsnodes_deaths: 0.
num_space_committed: 1081.
num_space_uncommitted: 0.
num_chunks_returned_to_freelist: 34.
num_chunks_taken_from_freelist: 4293.
num_chunk_merges: 21.
num_chunk_splits: 2671.
num_chunks_enlarged: 1529.
num_inconsistent_stats: 0.

CodeHeap 'non-profiled nmethods': size=119168Kb used=6658Kb max_used=6658Kb free=112509Kb
 bounds [0x00000282ea350000, 0x00000282ea9e0000, 0x00000282f17b0000]
CodeHeap 'profiled nmethods': size=119104Kb used=20108Kb max_used=20108Kb free=98995Kb
 bounds [0x00000282e27b0000, 0x00000282e3b60000, 0x00000282e9c00000]
CodeHeap 'non-nmethods': size=7488Kb used=1469Kb max_used=3224Kb free=6018Kb
 bounds [0x00000282e9c00000, 0x00000282e9f80000, 0x00000282ea350000]
CodeCache: size=245760Kb, used=28235Kb, max_used=29990Kb, free=217522Kb
 total_blobs=9824, nmethods=9036, adapters=693, full_count=0
Compilation: enabled, stopped_count=0, restarted_count=0

Compilation events (20 events):
Event: 35090.180 Thread 0x00000282f73a9940 9827       3       org.eclipse.core.internal.jobs.InternalJob::internalSetState (15 bytes)
Event: 35090.184 Thread 0x00000282f73a9940 nmethod 9827 0x00000282e3b4ba10 code [0x00000282e3b4bba0, 0x00000282e3b4bcc0]
Event: 35990.214 Thread 0x00000282f73a9940 9828   !   3       org.eclipse.core.internal.jobs.JobListeners::waitAndSendEvents (445 bytes)
Event: 35990.315 Thread 0x00000282f73a9940 nmethod 9828 0x00000282e3b4bd90 code [0x00000282e3b4c3c0, 0x00000282e3b4f1a8]
Event: 36226.661 Thread 0x00000282f73a9940 9829   !   3       org.eclipse.osgi.container.ModuleDatabase::getTimestamp (25 bytes)
Event: 36226.733 Thread 0x00000282f73a9940 nmethod 9829 0x00000282e3b50910 code [0x00000282e3b50b60, 0x00000282e3b514a8]
Event: 36344.681 Thread 0x00000282f73a9940 9830   !   3       jdk.internal.ref.PhantomCleanable::isListEmpty (34 bytes)
Event: 36344.684 Thread 0x00000282f73a9940 nmethod 9830 0x00000282e3b51910 code [0x00000282e3b51ac0, 0x00000282e3b51d18]
Event: 36344.684 Thread 0x00000282f73a9940 9831       3       jdk.internal.misc.InnocuousThread::eraseThreadLocals (23 bytes)
Event: 36344.686 Thread 0x00000282f73a9940 nmethod 9831 0x00000282e3b51e10 code [0x00000282e3b51fa0, 0x00000282e3b52108]
Event: 36400.188 Thread 0x00000282f73a9940 9832       3       org.eclipse.osgi.storage.Storage::isReadOnly (10 bytes)
Event: 36400.192 Thread 0x00000282f73a9940 nmethod 9832 0x00000282e3b52190 code [0x00000282e3b52340, 0x00000282e3b524c0]
Event: 36580.257 Thread 0x00000282f73a9940 9833   !   3       org.eclipse.osgi.internal.framework.StorageSaver$StorageSaverTask::run (31 bytes)
Event: 36580.303 Thread 0x00000282f73a9940 nmethod 9833 0x00000282e3b52590 code [0x00000282e3b52760, 0x00000282e3b52a00]
Event: 36580.303 Thread 0x00000282f73a9940 9834   !   3       org.eclipse.osgi.storage.Storage::save (62 bytes)
Event: 36580.313 Thread 0x00000282f73a9940 nmethod 9834 0x00000282e3b52b90 code [0x00000282e3b52d80, 0x00000282e3b530f0]
Event: 36890.277 Thread 0x00000282f73a9940 9836       1       org.eclipse.core.internal.jobs.InternalJob::setThread (6 bytes)
Event: 36890.279 Thread 0x00000282f73a9940 nmethod 9836 0x00000282ea9cfc90 code [0x00000282ea9cfe20, 0x00000282ea9cff08]
Event: 38020.620 Thread 0x00000282df557890 9837       4       org.eclipse.osgi.container.ModuleDatabase::readLock (11 bytes)
Event: 38020.735 Thread 0x00000282df557890 nmethod 9837 0x00000282ea9cff90 code [0x00000282ea9d0160, 0x00000282ea9d04d8]

GC Heap History (20 events):
Event: 21.062 GC heap before
{Heap before GC invocations=33 (full 2):
 PSYoungGen      total 20992K, used 20479K [0x00000000d5580000, 0x00000000d6b80000, 0x0000000100000000)
  eden space 19968K, 99% used [0x00000000d5580000,0x00000000d68ffc00,0x00000000d6900000)
  from space 1024K, 50% used [0x00000000d6a80000,0x00000000d6b00010,0x00000000d6b80000)
  to   space 1024K, 0% used [0x00000000d6900000,0x00000000d6900000,0x00000000d6a00000)
 ParOldGen       total 68608K, used 41539K [0x0000000080000000, 0x0000000084300000, 0x00000000d5580000)
  object space 68608K, 60% used [0x0000000080000000,0x0000000082890f78,0x0000000084300000)
 Metaspace       used 55727K, committed 56896K, reserved 1114112K
  class space    used 5967K, committed 6400K, reserved 1048576K
}
Event: 21.066 GC heap after
{Heap after GC invocations=33 (full 2):
 PSYoungGen      total 20992K, used 1017K [0x00000000d5580000, 0x00000000d6e00000, 0x0000000100000000)
  eden space 19968K, 0% used [0x00000000d5580000,0x00000000d5580000,0x00000000d6900000)
  from space 1024K, 99% used [0x00000000d6900000,0x00000000d69fe4b0,0x00000000d6a00000)
  to   space 2560K, 0% used [0x00000000d6b80000,0x00000000d6b80000,0x00000000d6e00000)
 ParOldGen       total 68608K, used 42633K [0x0000000080000000, 0x0000000084300000, 0x00000000d5580000)
  object space 68608K, 62% used [0x0000000080000000,0x00000000829a24b8,0x0000000084300000)
 Metaspace       used 55727K, committed 56896K, reserved 1114112K
  class space    used 5967K, committed 6400K, reserved 1048576K
}
Event: 21.705 GC heap before
{Heap before GC invocations=34 (full 2):
 PSYoungGen      total 20992K, used 20985K [0x00000000d5580000, 0x00000000d6e00000, 0x0000000100000000)
  eden space 19968K, 100% used [0x00000000d5580000,0x00000000d6900000,0x00000000d6900000)
  from space 1024K, 99% used [0x00000000d6900000,0x00000000d69fe4b0,0x00000000d6a00000)
  to   space 2560K, 0% used [0x00000000d6b80000,0x00000000d6b80000,0x00000000d6e00000)
 ParOldGen       total 68608K, used 42633K [0x0000000080000000, 0x0000000084300000, 0x00000000d5580000)
  object space 68608K, 62% used [0x0000000080000000,0x00000000829a24b8,0x0000000084300000)
 Metaspace       used 57973K, committed 59264K, reserved 1114112K
  class space    used 6237K, committed 6784K, reserved 1048576K
}
Event: 21.718 GC heap after
{Heap after GC invocations=34 (full 2):
 PSYoungGen      total 22528K, used 2269K [0x00000000d5580000, 0x00000000d6e00000, 0x0000000100000000)
  eden space 19968K, 0% used [0x00000000d5580000,0x00000000d5580000,0x00000000d6900000)
  from space 2560K, 88% used [0x00000000d6b80000,0x00000000d6db7518,0x00000000d6e00000)
  to   space 2560K, 0% used [0x00000000d6900000,0x00000000d6900000,0x00000000d6b80000)
 ParOldGen       total 68608K, used 43364K [0x0000000080000000, 0x0000000084300000, 0x00000000d5580000)
  object space 68608K, 63% used [0x0000000080000000,0x0000000082a593d8,0x0000000084300000)
 Metaspace       used 57973K, committed 59264K, reserved 1114112K
  class space    used 6237K, committed 6784K, reserved 1048576K
}
Event: 22.103 GC heap before
{Heap before GC invocations=35 (full 2):
 PSYoungGen      total 22528K, used 16780K [0x00000000d5580000, 0x00000000d6e00000, 0x0000000100000000)
  eden space 19968K, 72% used [0x00000000d5580000,0x00000000d63abdc0,0x00000000d6900000)
  from space 2560K, 88% used [0x00000000d6b80000,0x00000000d6db7518,0x00000000d6e00000)
  to   space 2560K, 0% used [0x00000000d6900000,0x00000000d6900000,0x00000000d6b80000)
 ParOldGen       total 68608K, used 43364K [0x0000000080000000, 0x0000000084300000, 0x00000000d5580000)
  object space 68608K, 63% used [0x0000000080000000,0x0000000082a593d8,0x0000000084300000)
 Metaspace       used 58985K, committed 60288K, reserved 1114112K
  class space    used 6321K, committed 6912K, reserved 1048576K
}
Event: 22.113 GC heap after
{Heap after GC invocations=35 (full 2):
 PSYoungGen      total 22528K, used 2558K [0x00000000d5580000, 0x00000000d7800000, 0x0000000100000000)
  eden space 19968K, 0% used [0x00000000d5580000,0x00000000d5580000,0x00000000d6900000)
  from space 2560K, 99% used [0x00000000d6900000,0x00000000d6b7fb40,0x00000000d6b80000)
  to   space 7680K, 0% used [0x00000000d7080000,0x00000000d7080000,0x00000000d7800000)
 ParOldGen       total 68608K, used 47320K [0x0000000080000000, 0x0000000084300000, 0x00000000d5580000)
  object space 68608K, 68% used [0x0000000080000000,0x0000000082e36098,0x0000000084300000)
 Metaspace       used 58985K, committed 60288K, reserved 1114112K
  class space    used 6321K, committed 6912K, reserved 1048576K
}
Event: 22.113 GC heap before
{Heap before GC invocations=36 (full 3):
 PSYoungGen      total 22528K, used 2558K [0x00000000d5580000, 0x00000000d7800000, 0x0000000100000000)
  eden space 19968K, 0% used [0x00000000d5580000,0x00000000d5580000,0x00000000d6900000)
  from space 2560K, 99% used [0x00000000d6900000,0x00000000d6b7fb40,0x00000000d6b80000)
  to   space 7680K, 0% used [0x00000000d7080000,0x00000000d7080000,0x00000000d7800000)
 ParOldGen       total 68608K, used 47320K [0x0000000080000000, 0x0000000084300000, 0x00000000d5580000)
  object space 68608K, 68% used [0x0000000080000000,0x0000000082e36098,0x0000000084300000)
 Metaspace       used 58985K, committed 60288K, reserved 1114112K
  class space    used 6321K, committed 6912K, reserved 1048576K
}
Event: 22.269 GC heap after
{Heap after GC invocations=36 (full 3):
 PSYoungGen      total 22528K, used 0K [0x00000000d5580000, 0x00000000d7800000, 0x0000000100000000)
  eden space 19968K, 0% used [0x00000000d5580000,0x00000000d5580000,0x00000000d6900000)
  from space 2560K, 0% used [0x00000000d6900000,0x00000000d6900000,0x00000000d6b80000)
  to   space 7680K, 0% used [0x00000000d7080000,0x00000000d7080000,0x00000000d7800000)
 ParOldGen       total 68608K, used 43809K [0x0000000080000000, 0x0000000084300000, 0x00000000d5580000)
  object space 68608K, 63% used [0x0000000080000000,0x0000000082ac85c8,0x0000000084300000)
 Metaspace       used 58981K, committed 60288K, reserved 1114112K
  class space    used 6320K, committed 6912K, reserved 1048576K
}
Event: 22.495 GC heap before
{Heap before GC invocations=37 (full 3):
 PSYoungGen      total 22528K, used 19968K [0x00000000d5580000, 0x00000000d7800000, 0x0000000100000000)
  eden space 19968K, 100% used [0x00000000d5580000,0x00000000d6900000,0x00000000d6900000)
  from space 2560K, 0% used [0x00000000d6900000,0x00000000d6900000,0x00000000d6b80000)
  to   space 7680K, 0% used [0x00000000d7080000,0x00000000d7080000,0x00000000d7800000)
 ParOldGen       total 68608K, used 43809K [0x0000000080000000, 0x0000000084300000, 0x00000000d5580000)
  object space 68608K, 63% used [0x0000000080000000,0x0000000082ac85c8,0x0000000084300000)
 Metaspace       used 59652K, committed 60928K, reserved 1114112K
  class space    used 6376K, committed 6912K, reserved 1048576K
}
Event: 22.503 GC heap after
{Heap after GC invocations=37 (full 3):
 PSYoungGen      total 26624K, used 7674K [0x00000000d5580000, 0x00000000d7a00000, 0x0000000100000000)
  eden space 18944K, 0% used [0x00000000d5580000,0x00000000d5580000,0x00000000d6800000)
  from space 7680K, 99% used [0x00000000d7080000,0x00000000d77fea20,0x00000000d7800000)
  to   space 8704K, 0% used [0x00000000d6800000,0x00000000d6800000,0x00000000d7080000)
 ParOldGen       total 68608K, used 44217K [0x0000000080000000, 0x0000000084300000, 0x00000000d5580000)
  object space 68608K, 64% used [0x0000000080000000,0x0000000082b2e5c8,0x0000000084300000)
 Metaspace       used 59652K, committed 60928K, reserved 1114112K
  class space    used 6376K, committed 6912K, reserved 1048576K
}
Event: 23.016 GC heap before
{Heap before GC invocations=38 (full 3):
 PSYoungGen      total 26624K, used 26618K [0x00000000d5580000, 0x00000000d7a00000, 0x0000000100000000)
  eden space 18944K, 100% used [0x00000000d5580000,0x00000000d6800000,0x00000000d6800000)
  from space 7680K, 99% used [0x00000000d7080000,0x00000000d77fea20,0x00000000d7800000)
  to   space 8704K, 0% used [0x00000000d6800000,0x00000000d6800000,0x00000000d7080000)
 ParOldGen       total 68608K, used 44286K [0x0000000080000000, 0x0000000084300000, 0x00000000d5580000)
  object space 68608K, 64% used [0x0000000080000000,0x0000000082b3f858,0x0000000084300000)
 Metaspace       used 61182K, committed 62528K, reserved 1114112K
  class space    used 6524K, committed 7104K, reserved 1048576K
}
Event: 23.023 GC heap after
{Heap after GC invocations=38 (full 3):
 PSYoungGen      total 20480K, used 1226K [0x00000000d5580000, 0x00000000d7100000, 0x0000000100000000)
  eden space 18944K, 0% used [0x00000000d5580000,0x00000000d5580000,0x00000000d6800000)
  from space 1536K, 79% used [0x00000000d6800000,0x00000000d6932be8,0x00000000d6980000)
  to   space 4096K, 0% used [0x00000000d6d00000,0x00000000d6d00000,0x00000000d7100000)
 ParOldGen       total 68608K, used 50029K [0x0000000080000000, 0x0000000084300000, 0x00000000d5580000)
  object space 68608K, 72% used [0x0000000080000000,0x00000000830db660,0x0000000084300000)
 Metaspace       used 61182K, committed 62528K, reserved 1114112K
  class space    used 6524K, committed 7104K, reserved 1048576K
}
Event: 23.658 GC heap before
{Heap before GC invocations=39 (full 3):
 PSYoungGen      total 20480K, used 20170K [0x00000000d5580000, 0x00000000d7100000, 0x0000000100000000)
  eden space 18944K, 99% used [0x00000000d5580000,0x00000000d67ffff8,0x00000000d6800000)
  from space 1536K, 79% used [0x00000000d6800000,0x00000000d6932be8,0x00000000d6980000)
  to   space 4096K, 0% used [0x00000000d6d00000,0x00000000d6d00000,0x00000000d7100000)
 ParOldGen       total 68608K, used 50058K [0x0000000080000000, 0x0000000084300000, 0x00000000d5580000)
  object space 68608K, 72% used [0x0000000080000000,0x00000000830e2b98,0x0000000084300000)
 Metaspace       used 62632K, committed 64064K, reserved 1114112K
  class space    used 6650K, committed 7232K, reserved 1048576K
}
Event: 23.661 GC heap after
{Heap after GC invocations=39 (full 3):
 PSYoungGen      total 20992K, used 1769K [0x00000000d5580000, 0x00000000d6f00000, 0x0000000100000000)
  eden space 18944K, 0% used [0x00000000d5580000,0x00000000d5580000,0x00000000d6800000)
  from space 2048K, 86% used [0x00000000d6d00000,0x00000000d6eba6d0,0x00000000d6f00000)
  to   space 2048K, 0% used [0x00000000d6b00000,0x00000000d6b00000,0x00000000d6d00000)
 ParOldGen       total 68608K, used 50972K [0x0000000080000000, 0x0000000084300000, 0x00000000d5580000)
  object space 68608K, 74% used [0x0000000080000000,0x00000000831c72d0,0x0000000084300000)
 Metaspace       used 62632K, committed 64064K, reserved 1114112K
  class space    used 6650K, committed 7232K, reserved 1048576K
}
Event: 24.536 GC heap before
{Heap before GC invocations=40 (full 3):
 PSYoungGen      total 20992K, used 20713K [0x00000000d5580000, 0x00000000d6f00000, 0x0000000100000000)
  eden space 18944K, 100% used [0x00000000d5580000,0x00000000d6800000,0x00000000d6800000)
  from space 2048K, 86% used [0x00000000d6d00000,0x00000000d6eba6d0,0x00000000d6f00000)
  to   space 2048K, 0% used [0x00000000d6b00000,0x00000000d6b00000,0x00000000d6d00000)
 ParOldGen       total 68608K, used 50972K [0x0000000080000000, 0x0000000084300000, 0x00000000d5580000)
  object space 68608K, 74% used [0x0000000080000000,0x00000000831c72d0,0x0000000084300000)
 Metaspace       used 64258K, committed 65536K, reserved 1114112K
  class space    used 6810K, committed 7360K, reserved 1048576K
}
Event: 24.540 GC heap after
{Heap after GC invocations=40 (full 3):
 PSYoungGen      total 19968K, used 960K [0x00000000d5580000, 0x00000000d6d80000, 0x0000000100000000)
  eden space 18944K, 0% used [0x00000000d5580000,0x00000000d5580000,0x00000000d6800000)
  from space 1024K, 93% used [0x00000000d6b00000,0x00000000d6bf0000,0x00000000d6c00000)
  to   space 1536K, 0% used [0x00000000d6c00000,0x00000000d6c00000,0x00000000d6d80000)
 ParOldGen       total 68608K, used 52536K [0x0000000080000000, 0x0000000084300000, 0x00000000d5580000)
  object space 68608K, 76% used [0x0000000080000000,0x000000008334e140,0x0000000084300000)
 Metaspace       used 64258K, committed 65536K, reserved 1114112K
  class space    used 6810K, committed 7360K, reserved 1048576K
}
Event: 25.040 GC heap before
{Heap before GC invocations=41 (full 3):
 PSYoungGen      total 19968K, used 19904K [0x00000000d5580000, 0x00000000d6d80000, 0x0000000100000000)
  eden space 18944K, 100% used [0x00000000d5580000,0x00000000d6800000,0x00000000d6800000)
  from space 1024K, 93% used [0x00000000d6b00000,0x00000000d6bf0000,0x00000000d6c00000)
  to   space 1536K, 0% used [0x00000000d6c00000,0x00000000d6c00000,0x00000000d6d80000)
 ParOldGen       total 68608K, used 52546K [0x0000000080000000, 0x0000000084300000, 0x00000000d5580000)
  object space 68608K, 76% used [0x0000000080000000,0x00000000833509b8,0x0000000084300000)
 Metaspace       used 66223K, committed 67520K, reserved 1114112K
  class space    used 7108K, committed 7680K, reserved 1048576K
}
Event: 25.043 GC heap after
{Heap after GC invocations=41 (full 3):
 PSYoungGen      total 19968K, used 817K [0x00000000d5580000, 0x00000000d6d00000, 0x0000000100000000)
  eden space 18944K, 0% used [0x00000000d5580000,0x00000000d5580000,0x00000000d6800000)
  from space 1024K, 79% used [0x00000000d6c00000,0x00000000d6ccc628,0x00000000d6d00000)
  to   space 1024K, 0% used [0x00000000d6b00000,0x00000000d6b00000,0x00000000d6c00000)
 ParOldGen       total 68608K, used 53274K [0x0000000080000000, 0x0000000084300000, 0x00000000d5580000)
  object space 68608K, 77% used [0x0000000080000000,0x00000000834069c8,0x0000000084300000)
 Metaspace       used 66223K, committed 67520K, reserved 1114112K
  class space    used 7108K, committed 7680K, reserved 1048576K
}
Event: 24060.610 GC heap before
{Heap before GC invocations=42 (full 3):
 PSYoungGen      total 19968K, used 19761K [0x00000000d5580000, 0x00000000d6d00000, 0x0000000100000000)
  eden space 18944K, 100% used [0x00000000d5580000,0x00000000d6800000,0x00000000d6800000)
  from space 1024K, 79% used [0x00000000d6c00000,0x00000000d6ccc628,0x00000000d6d00000)
  to   space 1024K, 0% used [0x00000000d6b00000,0x00000000d6b00000,0x00000000d6c00000)
 ParOldGen       total 68608K, used 53275K [0x0000000080000000, 0x0000000084300000, 0x00000000d5580000)
  object space 68608K, 77% used [0x0000000080000000,0x0000000083406fe0,0x0000000084300000)
 Metaspace       used 67692K, committed 69184K, reserved 1114112K
  class space    used 7274K, committed 7936K, reserved 1048576K
}
Event: 24060.619 GC heap after
{Heap after GC invocations=42 (full 3):
 PSYoungGen      total 19968K, used 960K [0x00000000d5580000, 0x00000000d6c80000, 0x0000000100000000)
  eden space 18944K, 0% used [0x00000000d5580000,0x00000000d5580000,0x00000000d6800000)
  from space 1024K, 93% used [0x00000000d6b00000,0x00000000d6bf0000,0x00000000d6c00000)
  to   space 512K, 0% used [0x00000000d6c00000,0x00000000d6c00000,0x00000000d6c80000)
 ParOldGen       total 68608K, used 53702K [0x0000000080000000, 0x0000000084300000, 0x00000000d5580000)
  object space 68608K, 78% used [0x0000000080000000,0x0000000083471bf0,0x0000000084300000)
 Metaspace       used 67692K, committed 69184K, reserved 1114112K
  class space    used 7274K, committed 7936K, reserved 1048576K
}

Dll operation events (11 events):
Event: 0.021 Loaded shared library c:\Users\LENOVO\.vscode\extensions\redhat.java-1.54.0-win32-x64\jre\21.0.10-win32-x86_64\bin\java.dll
Event: 0.158 Loaded shared library c:\Users\LENOVO\.vscode\extensions\redhat.java-1.54.0-win32-x64\jre\21.0.10-win32-x86_64\bin\zip.dll
Event: 0.202 Loaded shared library C:\Users\LENOVO\.vscode\extensions\redhat.java-1.54.0-win32-x64\jre\21.0.10-win32-x86_64\bin\instrument.dll
Event: 0.212 Loaded shared library C:\Users\LENOVO\.vscode\extensions\redhat.java-1.54.0-win32-x64\jre\21.0.10-win32-x86_64\bin\net.dll
Event: 0.216 Loaded shared library C:\Users\LENOVO\.vscode\extensions\redhat.java-1.54.0-win32-x64\jre\21.0.10-win32-x86_64\bin\nio.dll
Event: 0.226 Loaded shared library C:\Users\LENOVO\.vscode\extensions\redhat.java-1.54.0-win32-x64\jre\21.0.10-win32-x86_64\bin\zip.dll
Event: 0.262 Loaded shared library C:\Users\LENOVO\.vscode\extensions\redhat.java-1.54.0-win32-x64\jre\21.0.10-win32-x86_64\bin\jimage.dll
Event: 0.428 Loaded shared library c:\Users\LENOVO\.vscode\extensions\redhat.java-1.54.0-win32-x64\jre\21.0.10-win32-x86_64\bin\verify.dll
Event: 2.877 Loaded shared library C:\Users\LENOVO\AppData\Roaming\Code\User\globalStorage\redhat.java\1.54.0\config_win\org.eclipse.equinox.launcher\org.eclipse.equinox.launcher.win32.win32.x86_64_1.3.0.v20260203-2149\eclipse_11919.dll
Event: 7.550 Loaded shared library C:\Users\LENOVO\AppData\Local\Temp\jna--2053026509\jna16134137869218811707.dll
Event: 24.514 Loaded shared library C:\Users\LENOVO\.vscode\extensions\redhat.java-1.54.0-win32-x64\jre\21.0.10-win32-x86_64\bin\extnet.dll

Deoptimization events (20 events):
Event: 320.518 Thread 0x00000282fd7d2800 Uncommon trap: trap_request=0xffffffde fr.pc=0x00000282ea99ba18 relative=0x00000000000002f8
Event: 320.518 Thread 0x00000282fd7d2800 Uncommon trap: reason=class_check action=maybe_recompile pc=0x00000282ea99ba18 method=java.io.DataOutputStream.writeByte(I)V @ 5 c2
Event: 320.518 Thread 0x00000282fd7d2800 DEOPT PACKING pc=0x00000282ea99ba18 sp=0x000000d5c3afeb50
Event: 320.518 Thread 0x00000282fd7d2800 DEOPT UNPACKING pc=0x00000282e9c53aa2 sp=0x000000d5c3afeb08 mode 2
Event: 320.518 Thread 0x00000282fd7d2800 Uncommon trap: trap_request=0xffffffde fr.pc=0x00000282ea99f350 relative=0x0000000000000470
Event: 320.518 Thread 0x00000282fd7d2800 Uncommon trap: reason=class_check action=maybe_recompile pc=0x00000282ea99f350 method=java.io.DataOutputStream.writeInt(I)V @ 19 c2
Event: 320.518 Thread 0x00000282fd7d2800 DEOPT PACKING pc=0x00000282ea99f350 sp=0x000000d5c3afe950
Event: 320.518 Thread 0x00000282fd7d2800 DEOPT UNPACKING pc=0x00000282e9c53aa2 sp=0x000000d5c3afe8f8 mode 2
Event: 320.518 Thread 0x00000282fd7d2800 Uncommon trap: trap_request=0xffffffde fr.pc=0x00000282ea99f350 relative=0x0000000000000470
Event: 320.518 Thread 0x00000282fd7d2800 Uncommon trap: reason=class_check action=maybe_recompile pc=0x00000282ea99f350 method=java.io.DataOutputStream.writeInt(I)V @ 19 c2
Event: 320.518 Thread 0x00000282fd7d2800 DEOPT PACKING pc=0x00000282ea99f350 sp=0x000000d5c3afe8f0
Event: 320.518 Thread 0x00000282fd7d2800 DEOPT UNPACKING pc=0x00000282e9c53aa2 sp=0x000000d5c3afe898 mode 2
Event: 320.525 Thread 0x00000282fd7d2800 Uncommon trap: trap_request=0xffffff45 fr.pc=0x00000282ea4d9648 relative=0x00000000000001a8
Event: 320.525 Thread 0x00000282fd7d2800 Uncommon trap: reason=unstable_if action=reinterpret pc=0x00000282ea4d9648 method=jdk.internal.org.objectweb.asm.Frame.push(I)V @ 26 c2
Event: 320.525 Thread 0x00000282fd7d2800 DEOPT PACKING pc=0x00000282ea4d9648 sp=0x000000d5c3afd3e0
Event: 320.525 Thread 0x00000282fd7d2800 DEOPT UNPACKING pc=0x00000282e9c53aa2 sp=0x000000d5c3afd368 mode 2
Event: 4592.901 Thread 0x00000282fee0fa90 Uncommon trap: trap_request=0xffffffd6 fr.pc=0x00000282ea9cb8c4 relative=0x0000000000000304
Event: 4592.901 Thread 0x00000282fee0fa90 Uncommon trap: reason=array_check action=maybe_recompile pc=0x00000282ea9cb8c4 method=java.util.concurrent.ScheduledThreadPoolExecutor$DelayedWorkQueue.offer(Ljava/lang/Runnable;)Z @ 65 c2
Event: 4592.901 Thread 0x00000282fee0fa90 DEOPT PACKING pc=0x00000282ea9cb8c4 sp=0x000000d5c77ff0b0
Event: 4592.901 Thread 0x00000282fee0fa90 DEOPT UNPACKING pc=0x00000282e9c53aa2 sp=0x000000d5c77ff020 mode 2

Classes loaded (20 events):
Event: 320.466 Loading class java/util/stream/Nodes$CollectorTask$OfRef
Event: 320.467 Loading class java/util/stream/Nodes$CollectorTask
Event: 320.467 Loading class java/util/stream/Nodes$CollectorTask done
Event: 320.467 Loading class java/util/stream/Nodes$CollectorTask$OfRef done
Event: 320.467 Loading class java/util/function/LongFunction
Event: 320.468 Loading class java/util/function/LongFunction done
Event: 320.468 Loading class java/util/stream/Nodes$ConcNode
Event: 320.468 Loading class java/util/stream/Nodes$AbstractConcNode
Event: 320.468 Loading class java/util/stream/Nodes$AbstractConcNode done
Event: 320.468 Loading class java/util/stream/Nodes$ConcNode done
Event: 320.470 Loading class java/util/stream/Nodes$ToArrayTask$OfRef
Event: 320.470 Loading class java/util/stream/Nodes$ToArrayTask
Event: 320.470 Loading class java/util/stream/Nodes$ToArrayTask done
Event: 320.470 Loading class java/util/stream/Nodes$ToArrayTask$OfRef done
Event: 320.474 Loading class java/io/ObjectOutputStream$BlockDataOutputStream
Event: 320.474 Loading class java/io/ObjectOutputStream$BlockDataOutputStream done
Event: 320.474 Loading class java/io/ObjectOutputStream$HandleTable
Event: 320.482 Loading class java/io/ObjectOutputStream$HandleTable done
Event: 320.482 Loading class java/io/ObjectOutputStream$ReplaceTable
Event: 320.482 Loading class java/io/ObjectOutputStream$ReplaceTable done

Classes unloaded (9 events):
Event: 8.772 Thread 0x00000282df656be0 Unloading class 0x00000282811ad400 'java/lang/invoke/LambdaForm$MH+0x00000282811ad400'
Event: 8.772 Thread 0x00000282df656be0 Unloading class 0x00000282811ad000 'java/lang/invoke/LambdaForm$MH+0x00000282811ad000'
Event: 8.772 Thread 0x00000282df656be0 Unloading class 0x00000282811acc00 'java/lang/invoke/LambdaForm$MH+0x00000282811acc00'
Event: 8.772 Thread 0x00000282df656be0 Unloading class 0x00000282811ac800 'java/lang/invoke/LambdaForm$MH+0x00000282811ac800'
Event: 8.772 Thread 0x00000282df656be0 Unloading class 0x00000282811ac400 'java/lang/invoke/LambdaForm$BMH+0x00000282811ac400'
Event: 8.772 Thread 0x00000282df656be0 Unloading class 0x00000282811ac000 'java/lang/invoke/LambdaForm$DMH+0x00000282811ac000'
Event: 8.772 Thread 0x00000282df656be0 Unloading class 0x00000282811aac00 'java/lang/invoke/LambdaForm$DMH+0x00000282811aac00'
Event: 22.140 Thread 0x00000282df656be0 Unloading class 0x0000028281684800 'java/lang/invoke/LambdaForm$MH+0x0000028281684800'
Event: 22.140 Thread 0x00000282df656be0 Unloading class 0x0000028281684000 'java/lang/invoke/LambdaForm$MH+0x0000028281684000'

Classes redefined (0 events):
No events

Internal exceptions (20 events):
Event: 24.100 Thread 0x00000282c1565cf0 Exception <a 'sun/nio/fs/WindowsException'{0x00000000d5c3d0c0}> (0x00000000d5c3d0c0) 
thrown [s\src\hotspot\share\prims\jni.cpp, line 520]
Event: 24.102 Thread 0x00000282c155fa80 Exception <a 'sun/nio/fs/WindowsException'{0x00000000d5c34cb8}> (0x00000000d5c34cb8) 
thrown [s\src\hotspot\share\prims\jni.cpp, line 520]
Event: 24.102 Thread 0x00000282c155fa80 Exception <a 'sun/nio/fs/WindowsException'{0x00000000d5c353d0}> (0x00000000d5c353d0) 
thrown [s\src\hotspot\share\prims\jni.cpp, line 520]
Event: 24.102 Thread 0x00000282c1565cf0 Exception <a 'sun/nio/fs/WindowsException'{0x00000000d5c3e968}> (0x00000000d5c3e968) 
thrown [s\src\hotspot\share\prims\jni.cpp, line 520]
Event: 24.103 Thread 0x00000282c1565cf0 Exception <a 'sun/nio/fs/WindowsException'{0x00000000d5c3f080}> (0x00000000d5c3f080) 
thrown [s\src\hotspot\share\prims\jni.cpp, line 520]
Event: 24.103 Thread 0x00000282c155fa80 Exception <a 'sun/nio/fs/WindowsException'{0x00000000d5c362b8}> (0x00000000d5c362b8) 
thrown [s\src\hotspot\share\prims\jni.cpp, line 520]
Event: 24.103 Thread 0x00000282c155fa80 Exception <a 'sun/nio/fs/WindowsException'{0x00000000d5c369d0}> (0x00000000d5c369d0) 
thrown [s\src\hotspot\share\prims\jni.cpp, line 520]
Event: 24.104 Thread 0x00000282c1565cf0 Exception <a 'sun/nio/fs/WindowsException'{0x00000000d5c5dc98}> (0x00000000d5c5dc98) 
thrown [s\src\hotspot\share\prims\jni.cpp, line 520]
Event: 24.105 Thread 0x00000282c1565cf0 Exception <a 'sun/nio/fs/WindowsException'{0x00000000d5c5e3b0}> (0x00000000d5c5e3b0) 
thrown [s\src\hotspot\share\prims\jni.cpp, line 520]
Event: 24.677 Thread 0x00000282c1564940 Exception <a 'java/io/FileNotFoundException'{0x00000000d5744040}> (0x00000000d5744040) 
thrown [s\src\hotspot\share\prims\jni.cpp, line 520]
Event: 25.026 Thread 0x00000282c1564fd0 Exception <a 'java/lang/NoSuchMethodError'{0x00000000d673c7b0}: 'java.lang.Object java.lang.invoke.DirectMethodHandle$Holder.invokeVirtual(java.lang.Object, java.lang.Object, java.lang.Object, java.lang.Object)'> (0x00000000d673c7b0) 
thrown [s\src\hotspot\share\interpreter\linkResolver.cpp, line 773]
Event: 25.026 Thread 0x00000282c1564940 Exception <a 'java/lang/NoSuchMethodError'{0x00000000d6748868}: 'java.lang.Object java.lang.invoke.DirectMethodHandle$Holder.invokeVirtual(java.lang.Object, java.lang.Object, java.lang.Object, java.lang.Object)'> (0x00000000d6748868) 
thrown [s\src\hotspot\share\interpreter\linkResolver.cpp, line 773]
Event: 25.134 Thread 0x00000282fee0f400 Exception <a 'java/lang/NoSuchMethodError'{0x00000000d5a31258}: 'java.lang.Object java.lang.invoke.DirectMethodHandle$Holder.invokeStatic(java.lang.Object, long, java.lang.Object, java.lang.Object)'> (0x00000000d5a31258) 
thrown [s\src\hotspot\share\interpreter\linkResolver.cpp, line 773]
Event: 25.134 Thread 0x00000282fee0ed70 Exception <a 'java/lang/NoSuchMethodError'{0x00000000d5a350f8}: 'java.lang.Object java.lang.invoke.DirectMethodHandle$Holder.invokeStatic(java.lang.Object, long, java.lang.Object, java.lang.Object)'> (0x00000000d5a350f8) 
thrown [s\src\hotspot\share\interpreter\linkResolver.cpp, line 773]
Event: 26.312 Thread 0x00000282fee0e050 Exception <a 'java/lang/NoSuchMethodError'{0x00000000d5c0be78}: 'long java.lang.invoke.DelegatingMethodHandle$Holder.reinvoke_L(java.lang.Object, java.lang.Object)'> (0x00000000d5c0be78) 
thrown [s\src\hotspot\share\interpreter\linkResolver.cpp, line 773]
Event: 26.314 Thread 0x00000282fee0e050 Exception <a 'java/lang/NoSuchMethodError'{0x00000000d5c160f8}: 'void java.lang.invoke.DelegatingMethodHandle$Holder.reinvoke_L(java.lang.Object, java.lang.Object, long)'> (0x00000000d5c160f8) 
thrown [s\src\hotspot\share\interpreter\linkResolver.cpp, line 773]
Event: 27.288 Thread 0x00000282fee0e050 Exception <a 'java/lang/NoSuchMethodError'{0x00000000d5d41628}: 'long java.lang.invoke.Invokers$Holder.invokeExact_MT(java.lang.Object, java.lang.Object, java.lang.Object)'> (0x00000000d5d41628) 
thrown [s\src\hotspot\share\interpreter\linkResolver.cpp, line 773]
Event: 27.507 Thread 0x00000282c215b300 Exception <a 'java/lang/IncompatibleClassChangeError'{0x00000000d5d6abd0}: Found class java.lang.Object, but interface was expected> (0x00000000d5d6abd0) 
thrown [s\src\hotspot\share\interpreter\linkResolver.cpp, line 840]
Event: 320.458 Thread 0x00000282fd7d2800 Implicit null exception at 0x00000282ea995f86 to 0x00000282ea99689c
Event: 320.529 Thread 0x00000282fd7d2800 Exception <a 'java/lang/NoSuchMethodError'{0x00000000d638dae8}: 'java.lang.Object java.lang.invoke.DirectMethodHandle$Holder.newInvokeSpecial(java.lang.Object, java.lang.Object, java.lang.Object, java.lang.Object, java.lang.Object, java.lang.Object, java.lang.Object, java.lang.Object)'> (0x00000000d638dae8) 
thrown [s\src\hotspot\share\interpreter\linkResolver.cpp, line 773]

ZGC Phase Switch (0 events):
No events

VM Operations (20 events):
Event: 38476.196 Executing non-safepoint VM operation: HandshakeAllThreads (HandshakeForDeflation)
Event: 38476.198 Executing non-safepoint VM operation: HandshakeAllThreads (HandshakeForDeflation) done
Event: 38476.198 Executing non-safepoint VM operation: RendezvousGCThreads
Event: 38476.198 Executing non-safepoint VM operation: RendezvousGCThreads done
Event: 38536.393 Executing non-safepoint VM operation: HandshakeAllThreads (HandshakeForDeflation)
Event: 38536.394 Executing non-safepoint VM operation: HandshakeAllThreads (HandshakeForDeflation) done
Event: 38536.394 Executing non-safepoint VM operation: RendezvousGCThreads
Event: 38536.394 Executing non-safepoint VM operation: RendezvousGCThreads done
Event: 38656.782 Executing non-safepoint VM operation: HandshakeAllThreads (HandshakeForDeflation)
Event: 38656.783 Executing non-safepoint VM operation: HandshakeAllThreads (HandshakeForDeflation) done
Event: 38656.783 Executing non-safepoint VM operation: RendezvousGCThreads
Event: 38656.783 Executing non-safepoint VM operation: RendezvousGCThreads done
Event: 38717.018 Executing non-safepoint VM operation: HandshakeAllThreads (HandshakeForDeflation)
Event: 38717.020 Executing non-safepoint VM operation: HandshakeAllThreads (HandshakeForDeflation) done
Event: 38717.020 Executing non-safepoint VM operation: RendezvousGCThreads
Event: 38717.020 Executing non-safepoint VM operation: RendezvousGCThreads done
Event: 38777.251 Executing non-safepoint VM operation: HandshakeAllThreads (HandshakeForDeflation)
Event: 38777.252 Executing non-safepoint VM operation: HandshakeAllThreads (HandshakeForDeflation) done
Event: 38777.252 Executing non-safepoint VM operation: RendezvousGCThreads
Event: 38777.252 Executing non-safepoint VM operation: RendezvousGCThreads done

Memory protections (0 events):
No events

Nmethod flushes (20 events):
Event: 22.171 Thread 0x00000282df656be0 flushing  nmethod 0x00000282e30f8090
Event: 22.171 Thread 0x00000282df656be0 flushing  nmethod 0x00000282e30f8910
Event: 22.171 Thread 0x00000282df656be0 flushing  nmethod 0x00000282e30fa490
Event: 22.171 Thread 0x00000282df656be0 flushing  nmethod 0x00000282e3110f10
Event: 22.171 Thread 0x00000282df656be0 flushing  nmethod 0x00000282e3116010
Event: 22.171 Thread 0x00000282df656be0 flushing  nmethod 0x00000282e3133e90
Event: 22.171 Thread 0x00000282df656be0 flushing  nmethod 0x00000282e3149490
Event: 22.171 Thread 0x00000282df656be0 flushing  nmethod 0x00000282e3156210
Event: 22.171 Thread 0x00000282df656be0 flushing  nmethod 0x00000282e3197910
Event: 22.171 Thread 0x00000282df656be0 flushing  nmethod 0x00000282e3198d90
Event: 22.171 Thread 0x00000282df656be0 flushing  nmethod 0x00000282e31cbf90
Event: 22.171 Thread 0x00000282df656be0 flushing  nmethod 0x00000282e31cda90
Event: 22.171 Thread 0x00000282df656be0 flushing  nmethod 0x00000282e31db610
Event: 22.171 Thread 0x00000282df656be0 flushing  nmethod 0x00000282e31db990
Event: 22.171 Thread 0x00000282df656be0 flushing  nmethod 0x00000282e31dc110
Event: 22.171 Thread 0x00000282df656be0 flushing  nmethod 0x00000282e31dd990
Event: 22.171 Thread 0x00000282df656be0 flushing  nmethod 0x00000282e31ddd10
Event: 22.171 Thread 0x00000282df656be0 flushing  nmethod 0x00000282e31e0b10
Event: 22.171 Thread 0x00000282df656be0 flushing  nmethod 0x00000282e31e1090
Event: 22.171 Thread 0x00000282df656be0 flushing  nmethod 0x00000282e31e1810

Events (20 events):
Event: 321.216 Thread 0x00000282c16083a0 Thread exited: 0x00000282c16083a0
Event: 321.216 Thread 0x00000282c1604f20 Thread exited: 0x00000282c1604f20
Event: 321.216 Thread 0x00000282c1604890 Thread exited: 0x00000282c1604890
Event: 321.665 Thread 0x00000282c1607d10 Thread exited: 0x00000282c1607d10
Event: 321.714 Thread 0x00000282c16055b0 Thread exited: 0x00000282c16055b0
Event: 321.729 Thread 0x00000282c1606960 Thread exited: 0x00000282c1606960
Event: 321.730 Thread 0x00000282c1560110 Thread exited: 0x00000282c1560110
Event: 321.745 Thread 0x00000282c15621e0 Thread exited: 0x00000282c15621e0
Event: 321.747 Thread 0x00000282c1561b50 Thread exited: 0x00000282c1561b50
Event: 321.747 Thread 0x00000282c1562870 Thread exited: 0x00000282c1562870
Event: 321.920 Thread 0x00000282c15614c0 Thread exited: 0x00000282c15614c0
Event: 321.952 Thread 0x00000282c15607a0 Thread exited: 0x00000282c15607a0
Event: 321.952 Thread 0x00000282c1560e30 Thread exited: 0x00000282c1560e30
Event: 322.353 Thread 0x00000282c155f3f0 Thread exited: 0x00000282c155f3f0
Event: 328.049 Thread 0x00000282c1600d80 Thread exited: 0x00000282c1600d80
Event: 388.057 Thread 0x00000282c1603b70 Thread exited: 0x00000282c1603b70
Event: 448.065 Thread 0x00000282c1565660 Thread exited: 0x00000282c1565660
Event: 508.090 Thread 0x00000282c1562f00 Thread exited: 0x00000282c1562f00
Event: 568.094 Thread 0x00000282c1566380 Thread exited: 0x00000282c1566380
Event: 628.106 Thread 0x00000282c1563590 Thread exited: 0x00000282c1563590


Dynamic libraries:
0x00007ff7c89e0000 - 0x00007ff7c89ee000 	c:\Users\LENOVO\.vscode\extensions\redhat.java-1.54.0-win32-x64\jre\21.0.10-win32-x86_64\bin\java.exe
0x00007ffdf5ce0000 - 0x00007ffdf5f47000 	C:\WINDOWS\SYSTEM32\ntdll.dll
0x00007ffdf5420000 - 0x00007ffdf54e9000 	C:\WINDOWS\System32\KERNEL32.DLL
0x00007ffdf33e0000 - 0x00007ffdf37d7000 	C:\WINDOWS\System32\KERNELBASE.dll
0x00007ffdefa20000 - 0x00007ffdefac0000 	C:\WINDOWS\SYSTEM32\apphelp.dll
0x00007ffdf2970000 - 0x00007ffdf2abb000 	C:\WINDOWS\System32\ucrtbase.dll
0x00007ffdd3d70000 - 0x00007ffdd3d88000 	c:\Users\LENOVO\.vscode\extensions\redhat.java-1.54.0-win32-x64\jre\21.0.10-win32-x86_64\bin\jli.dll
0x00007ffdce9d0000 - 0x00007ffdce9ee000 	c:\Users\LENOVO\.vscode\extensions\redhat.java-1.54.0-win32-x64\jre\21.0.10-win32-x86_64\bin\VCRUNTIME140.dll
0x00007ffdf40e0000 - 0x00007ffdf42a6000 	C:\WINDOWS\System32\USER32.dll
0x00007ffdf2710000 - 0x00007ffdf2737000 	C:\WINDOWS\System32\win32u.dll
0x00007ffddfa50000 - 0x00007ffddfce2000 	C:\WINDOWS\WinSxS\amd64_microsoft.windows.common-controls_6595b64144ccf1df_6.0.26100.8328_none_3e08182ce334b678\COMCTL32.dll
0x00007ffdf5ba0000 - 0x00007ffdf5c49000 	C:\WINDOWS\System32\msvcrt.dll
0x00007ffdf42b0000 - 0x00007ffdf42db000 	C:\WINDOWS\System32\GDI32.dll
0x00007ffdf3930000 - 0x00007ffdf3a5c000 	C:\WINDOWS\System32\gdi32full.dll
0x00007ffdf3330000 - 0x00007ffdf33d3000 	C:\WINDOWS\System32\msvcp_win.dll
0x00007ffdf54f0000 - 0x00007ffdf5522000 	C:\WINDOWS\System32\IMM32.DLL
0x00007ffde2210000 - 0x00007ffde221c000 	c:\Users\LENOVO\.vscode\extensions\redhat.java-1.54.0-win32-x64\jre\21.0.10-win32-x86_64\bin\vcruntime140_1.dll
0x00007ffd7fb90000 - 0x00007ffd7fc1d000 	c:\Users\LENOVO\.vscode\extensions\redhat.java-1.54.0-win32-x64\jre\21.0.10-win32-x86_64\bin\msvcp140.dll
0x00007ffd3c880000 - 0x00007ffd3d621000 	c:\Users\LENOVO\.vscode\extensions\redhat.java-1.54.0-win32-x64\jre\21.0.10-win32-x86_64\bin\server\jvm.dll
0x00007ffdf5640000 - 0x00007ffdf56f6000 	C:\WINDOWS\System32\ADVAPI32.dll
0x00007ffdf5760000 - 0x00007ffdf5807000 	C:\WINDOWS\System32\sechost.dll
0x00007ffdf3b00000 - 0x00007ffdf3c18000 	C:\WINDOWS\System32\RPCRT4.dll
0x00007ffdf5530000 - 0x00007ffdf55b0000 	C:\WINDOWS\System32\WS2_32.dll
0x00007ffdf2570000 - 0x00007ffdf25ce000 	C:\WINDOWS\SYSTEM32\POWRPROF.dll
0x00007ffde9be0000 - 0x00007ffde9c16000 	C:\WINDOWS\SYSTEM32\WINMM.dll
0x00007ffde4cd0000 - 0x00007ffde4cdb000 	C:\WINDOWS\SYSTEM32\VERSION.dll
0x00007ffdf2550000 - 0x00007ffdf2564000 	C:\WINDOWS\SYSTEM32\UMPDC.dll
0x00007ffdf14a0000 - 0x00007ffdf14bb000 	C:\WINDOWS\SYSTEM32\kernel.appcore.dll
0x00007ffde21f0000 - 0x00007ffde21fa000 	c:\Users\LENOVO\.vscode\extensions\redhat.java-1.54.0-win32-x64\jre\21.0.10-win32-x86_64\bin\jimage.dll
0x00007ffdf01c0000 - 0x00007ffdf0402000 	C:\WINDOWS\SYSTEM32\DBGHELP.DLL
0x00007ffdf5810000 - 0x00007ffdf5b93000 	C:\WINDOWS\System32\combase.dll
0x00007ffdf4670000 - 0x00007ffdf4749000 	C:\WINDOWS\System32\OLEAUT32.dll
0x00007ffdd7c70000 - 0x00007ffdd7cab000 	C:\WINDOWS\SYSTEM32\dbgcore.DLL
0x00007ffdf28c0000 - 0x00007ffdf2968000 	C:\WINDOWS\System32\bcryptPrimitives.dll
0x00007ffde1dd0000 - 0x00007ffde1ddf000 	c:\Users\LENOVO\.vscode\extensions\redhat.java-1.54.0-win32-x64\jre\21.0.10-win32-x86_64\bin\instrument.dll
0x00007ffdd3d90000 - 0x00007ffdd3db0000 	c:\Users\LENOVO\.vscode\extensions\redhat.java-1.54.0-win32-x64\jre\21.0.10-win32-x86_64\bin\java.dll
0x00007ffdf4750000 - 0x00007ffdf4ebe000 	C:\WINDOWS\System32\SHELL32.dll
0x00007ffdf2ac0000 - 0x00007ffdf332c000 	C:\WINDOWS\System32\windows.storage.dll
0x00007ffdf3f90000 - 0x00007ffdf4086000 	C:\WINDOWS\System32\SHCORE.dll
0x00007ffdf3c20000 - 0x00007ffdf3c86000 	C:\WINDOWS\System32\shlwapi.dll
0x00007ffdf2630000 - 0x00007ffdf2659000 	C:\WINDOWS\SYSTEM32\profapi.dll
0x00007ffdcf3a0000 - 0x00007ffdcf3b8000 	c:\Users\LENOVO\.vscode\extensions\redhat.java-1.54.0-win32-x64\jre\21.0.10-win32-x86_64\bin\zip.dll
0x00007ffde18d0000 - 0x00007ffde18e0000 	C:\Users\LENOVO\.vscode\extensions\redhat.java-1.54.0-win32-x64\jre\21.0.10-win32-x86_64\bin\net.dll
0x00007ffded250000 - 0x00007ffded379000 	C:\WINDOWS\SYSTEM32\WINHTTP.dll
0x00007ffdf1a10000 - 0x00007ffdf1a7c000 	C:\WINDOWS\system32\mswsock.dll
0x00007ffdce9b0000 - 0x00007ffdce9c6000 	C:\Users\LENOVO\.vscode\extensions\redhat.java-1.54.0-win32-x64\jre\21.0.10-win32-x86_64\bin\nio.dll
0x00007ffde01f0000 - 0x00007ffde0200000 	c:\Users\LENOVO\.vscode\extensions\redhat.java-1.54.0-win32-x64\jre\21.0.10-win32-x86_64\bin\verify.dll
0x00007ffdbbab0000 - 0x00007ffdbbaf5000 	C:\Users\LENOVO\AppData\Roaming\Code\User\globalStorage\redhat.java\1.54.0\config_win\org.eclipse.equinox.launcher\org.eclipse.equinox.launcher.win32.win32.x86_64_1.3.0.v20260203-2149\eclipse_11919.dll
0x00007ffdf3c90000 - 0x00007ffdf3e27000 	C:\WINDOWS\System32\ole32.dll
0x00007ffdf1cf0000 - 0x00007ffdf1d0b000 	C:\WINDOWS\SYSTEM32\CRYPTSP.dll
0x00007ffdf13e0000 - 0x00007ffdf1419000 	C:\WINDOWS\system32\rsaenh.dll
0x00007ffdf1ac0000 - 0x00007ffdf1af3000 	C:\WINDOWS\SYSTEM32\USERENV.dll
0x00007ffdf2600000 - 0x00007ffdf262a000 	C:\WINDOWS\SYSTEM32\bcrypt.dll
0x00007ffdf1d10000 - 0x00007ffdf1d1c000 	C:\WINDOWS\SYSTEM32\CRYPTBASE.dll
0x00007ffdf0e60000 - 0x00007ffdf0e92000 	C:\WINDOWS\SYSTEM32\IPHLPAPI.DLL
0x00007ffdf5c50000 - 0x00007ffdf5c5a000 	C:\WINDOWS\System32\NSI.dll
0x00007ffdbb6a0000 - 0x00007ffdbb6e9000 	C:\Users\LENOVO\AppData\Local\Temp\jna--2053026509\jna16134137869218811707.dll
0x00007ffdf4660000 - 0x00007ffdf4668000 	C:\WINDOWS\System32\PSAPI.DLL
0x00007ffded790000 - 0x00007ffded7ad000 	C:\WINDOWS\SYSTEM32\dhcpcsvc6.DLL
0x00007ffded760000 - 0x00007ffded785000 	C:\WINDOWS\SYSTEM32\dhcpcsvc.DLL
0x00007ffdded90000 - 0x00007ffdded99000 	C:\Users\LENOVO\.vscode\extensions\redhat.java-1.54.0-win32-x64\jre\21.0.10-win32-x86_64\bin\extnet.dll

JVMTI agents:
c:\Users\LENOVO\.vscode\extensions\redhat.java-1.54.0-win32-x64\lombok\lombok-1.18.39-4050.jar path:c:\Users\LENOVO\.vscode\extensions\redhat.java-1.54.0-win32-x64\jre\21.0.10-win32-x86_64\bin\instrument.dll, loaded, initialized, instrumentlib options:none

dbghelp: loaded successfully - version: 4.0.5 - missing functions: none
symbol engine: initialized successfully - sym options: 0x614 - pdb path: .;c:\Users\LENOVO\.vscode\extensions\redhat.java-1.54.0-win32-x64\jre\21.0.10-win32-x86_64\bin;C:\WINDOWS\SYSTEM32;C:\WINDOWS\WinSxS\amd64_microsoft.windows.common-controls_6595b64144ccf1df_6.0.26100.8328_none_3e08182ce334b678;c:\Users\LENOVO\.vscode\extensions\redhat.java-1.54.0-win32-x64\jre\21.0.10-win32-x86_64\bin\server;C:\Users\LENOVO\AppData\Roaming\Code\User\globalStorage\redhat.java\1.54.0\config_win\org.eclipse.equinox.launcher\org.eclipse.equinox.launcher.win32.win32.x86_64_1.3.0.v20260203-2149;C:\Users\LENOVO\AppData\Local\Temp\jna--2053026509

VM Arguments:
jvm_args: --add-modules=ALL-SYSTEM --add-opens=java.base/java.util=ALL-UNNAMED --add-opens=java.base/java.lang=ALL-UNNAMED --add-opens=java.base/sun.nio.fs=ALL-UNNAMED -Declipse.application=org.eclipse.jdt.ls.core.id1 -Dosgi.bundles.defaultStartLevel=4 -Declipse.product=org.eclipse.jdt.ls.core.product -Djava.import.generatesMetadataFilesAtProjectRoot=false -DDetectVMInstallationsJob.disabled=true -Dfile.encoding=utf8 -XX:+UseParallelGC -XX:GCTimeRatio=4 -XX:AdaptiveSizePolicyWeight=90 -Dsun.zip.disableMemoryMapping=true -Xmx2G -Xms100m -Xlog:disable -javaagent:c:\Users\LENOVO\.vscode\extensions\redhat.java-1.54.0-win32-x64\lombok\lombok-1.18.39-4050.jar -XX:+HeapDumpOnOutOfMemoryError -XX:HeapDumpPath=c:\Users\LENOVO\AppData\Roaming\Code\User\workspaceStorage\bfb26a46be49cca22d8908512dd732fc\redhat.java -Daether.dependencyCollector.impl=bf 
java_command: c:\Users\LENOVO\.vscode\extensions\redhat.java-1.54.0-win32-x64\server\plugins\org.eclipse.equinox.launcher_1.7.100.v20251111-0406.jar -configuration c:\Users\LENOVO\AppData\Roaming\Code\User\globalStorage\redhat.java\1.54.0\config_win -data c:\Users\LENOVO\AppData\Roaming\Code\User\workspaceStorage\bfb26a46be49cca22d8908512dd732fc\redhat.java\jdt_ws --pipe=\\.\pipe\lsp-afa0ee3a6770687287e525fb920bcf2a-sock
java_class_path (initial): c:\Users\LENOVO\.vscode\extensions\redhat.java-1.54.0-win32-x64\server\plugins\org.eclipse.equinox.launcher_1.7.100.v20251111-0406.jar
Launcher Type: SUN_STANDARD

[Global flags]
    uintx AdaptiveSizePolicyWeight                 = 90                                        {product} {command line}
     intx CICompilerCount                          = 12                                        {product} {ergonomic}
    uintx GCTimeRatio                              = 4                                         {product} {command line}
     bool HeapDumpOnOutOfMemoryError               = true                                   {manageable} {command line}
    ccstr HeapDumpPath                             = c:\Users\LENOVO\AppData\Roaming\Code\User\workspaceStorage\bfb26a46be49cca22d8908512dd732fc\redhat.java         {manageable} {command line}
   size_t InitialHeapSize                          = 104857600                                 {product} {command line}
   size_t MaxHeapSize                              = 2147483648                                {product} {command line}
   size_t MaxNewSize                               = 715653120                                 {product} {ergonomic}
   size_t MinHeapDeltaBytes                        = 524288                                    {product} {ergonomic}
   size_t MinHeapSize                              = 104857600                                 {product} {command line}
   size_t NewSize                                  = 34603008                                  {product} {ergonomic}
    uintx NonNMethodCodeHeapSize                   = 7602480                                {pd product} {ergonomic}
    uintx NonProfiledCodeHeapSize                  = 122027880                              {pd product} {ergonomic}
   size_t OldSize                                  = 70254592                                  {product} {ergonomic}
    uintx ProfiledCodeHeapSize                     = 122027880                              {pd product} {ergonomic}
    uintx ReservedCodeCacheSize                    = 251658240                              {pd product} {ergonomic}
     bool SegmentedCodeCache                       = true                                      {product} {ergonomic}
   size_t SoftMaxHeapSize                          = 2147483648                             {manageable} {ergonomic}
     bool UseCompressedOops                        = true                           {product lp64_product} {ergonomic}
     bool UseLargePagesIndividualAllocation        = false                                  {pd product} {ergonomic}
     bool UseParallelGC                            = true                                      {product} {command line}

Logging:
Log output configuration:
 #0: stdout all=off uptime,level,tags foldmultilines=false
 #1: stderr all=off uptime,level,tags foldmultilines=false

Release file:
JAVA_VERSION="21.0.10" 
MODULES="java.base java.compiler java.datatransfer java.xml java.prefs java.desktop java.instrument java.logging java.management java.security.sasl java.naming java.rmi java.management.rmi java.net.http java.scripting java.security.jgss java.transaction.xa java.sql java.sql.rowset java.xml.crypto java.se java.smartcardio jdk.accessibility jdk.internal.jvmstat jdk.attach jdk.charsets jdk.internal.opt jdk.zipfs jdk.compiler jdk.crypto.ec jdk.crypto.cryptoki jdk.crypto.mscapi jdk.dynalink jdk.internal.ed jdk.editpad jdk.hotspot.agent jdk.httpserver jdk.internal.le jdk.internal.vm.ci jdk.internal.vm.compiler jdk.internal.vm.compiler.management jdk.jartool jdk.javadoc jdk.jcmd jdk.management jdk.management.agent jdk.jconsole jdk.jdeps jdk.jdwp.agent jdk.jdi jdk.jfr jdk.jshell jdk.jsobject jdk.jstatd jdk.localedata jdk.management.jfr jdk.naming.dns jdk.naming.rmi jdk.net jdk.nio.mapmode jdk.random jdk.sctp jdk.security.auth jdk.security.jgss jdk.unsupported jdk.unsupported.desktop jdk.xml.dom" 

Environment Variables:
JAVA_HOME=C:\Program Files\Eclipse Adoptium\jdk-17.0.18.8-hotspot\
PATH=C:\Users\LENOVO\AppData\Local\Programs\Microsoft VS Code;C:\Program Files\Eclipse Adoptium\jdk-17.0.18.8-hotspot\bin;C:\Program Files (x86)\Common Files\Intel\Shared Libraries\redist\intel64\compiler;C:\Program Files (x86)\Common Files\Oracle\Java\javapath;C:\WINDOWS\system32;C:\WINDOWS;C:\WINDOWS\System32\Wbem;C:\WINDOWS\System32\WindowsPowerShell\v1.0\;C:\xampp\mysql\bin;C:\Program Files\Git\cmd;C:\Program Files\MySQL\MySQL Shell 8.0\bin\;C:\Users\LENOVO\AppData\Local\Microsoft\WindowsApps;C:\Users\LENOVO\AppData\Local\Programs\Microsoft VS Code\bin
USERNAME=LENOVO
OS=Windows_NT
PROCESSOR_IDENTIFIER=Intel64 Family 6 Model 186 Stepping 2, GenuineIntel
TMP=C:\Users\LENOVO\AppData\Local\Temp
TEMP=C:\Users\LENOVO\AppData\Local\Temp




Periodic native trim disabled

---------------  S Y S T E M  ---------------

OS:
 Windows 11 , 64 bit Build 26100 (10.0.26100.8328)
OS uptime: 2 days 4:33 hours
Hyper-V role detected

CPU: total 16 (initial active 16) (8 cores per cpu, 2 threads per core) family 6 model 186 stepping 2 microcode 0x4128, cx8, cmov, fxsr, ht, mmx, 3dnowpref, sse, sse2, sse3, ssse3, sse4.1, sse4.2, popcnt, lzcnt, tsc, tscinvbit, avx, avx2, aes, erms, clmul, bmi1, bmi2, adx, sha, fma, vzeroupper, clflush, clflushopt, clwb, hv, serialize, rdtscp, rdpid, fsrm, f16c, cet_ibt, cet_ss
Processor Information for processor 0
  Max Mhz: 2400, Current Mhz: 2400, Mhz Limit: 2400
Processor Information for processor 1
  Max Mhz: 2400, Current Mhz: 2400, Mhz Limit: 2400
Processor Information for processor 2
  Max Mhz: 2400, Current Mhz: 2400, Mhz Limit: 2400
Processor Information for processor 3
  Max Mhz: 2400, Current Mhz: 2400, Mhz Limit: 2400
Processor Information for processor 4
  Max Mhz: 2400, Current Mhz: 2400, Mhz Limit: 2400
Processor Information for processor 5
  Max Mhz: 2400, Current Mhz: 2400, Mhz Limit: 2400
Processor Information for processor 6
  Max Mhz: 2400, Current Mhz: 2400, Mhz Limit: 2400
Processor Information for processor 7
  Max Mhz: 2400, Current Mhz: 2400, Mhz Limit: 2400
Processor Information for processor 8
  Max Mhz: 2400, Current Mhz: 2400, Mhz Limit: 2400
Processor Information for processor 9
  Max Mhz: 2400, Current Mhz: 2400, Mhz Limit: 2400
Processor Information for processor 10
  Max Mhz: 2400, Current Mhz: 2400, Mhz Limit: 2400
Processor Information for processor 11
  Max Mhz: 2400, Current Mhz: 2400, Mhz Limit: 2400
Processor Information for processor 12
  Max Mhz: 2400, Current Mhz: 1300, Mhz Limit: 1800
Processor Information for processor 13
  Max Mhz: 2400, Current Mhz: 1300, Mhz Limit: 1800
Processor Information for processor 14
  Max Mhz: 2400, Current Mhz: 1300, Mhz Limit: 1800
Processor Information for processor 15
  Max Mhz: 2400, Current Mhz: 1300, Mhz Limit: 1800

Memory: 4k page, system-wide physical 16107M (499M free)
TotalPageFile size 35162M (AvailPageFile size 36M)
current process WorkingSet (physical memory assigned to process): 8M, peak: 371M
current process commit charge ("private bytes"): 366M, peak: 477M

vm_info: OpenJDK 64-Bit Server VM (21.0.10+7-LTS) for windows-amd64 JRE (21.0.10+7-LTS), built on 2026-01-20T00:00:00Z by "admin" with MS VC++ 17.12 (VS2022)

END.
