#
# There is insufficient memory for the Java Runtime Environment to continue.
# Native memory allocation (malloc) failed to allocate 1048576 bytes. Error detail: AllocateHeap
# Possible reasons:
#   The system is out of physical RAM or swap space
#   This process is running with CompressedOops enabled, and the Java Heap may be blocking the growth of the native heap
# Possible solutions:
#   Reduce memory load on the system
#   Increase physical memory or swap space
#   Check if swap backing store is full
#   Decrease Java heap size (-Xmx/-Xms)
#   Decrease number of Java threads
#   Decrease Java thread stack sizes (-Xss)
#   Set larger code cache with -XX:ReservedCodeCacheSize=
#   JVM is running with Unscaled Compressed Oops mode in which the Java heap is
#     placed in the first 4GB address space. The Java Heap base address is the
#     maximum limit for the native heap growth. Please use -XX:HeapBaseMinAddress
#     to set the Java Heap base and to place the Java Heap above 4GB virtual address.
# This output file may be truncated or incomplete.
#
#  Out of Memory Error (allocation.cpp:44), pid=29988, tid=29880
#
# JRE version: OpenJDK Runtime Environment Temurin-21.0.10+7 (21.0.10+7) (build 21.0.10+7-LTS)
# Java VM: OpenJDK 64-Bit Server VM Temurin-21.0.10+7 (21.0.10+7-LTS, mixed mode, sharing, tiered, compressed oops, compressed class ptrs, parallel gc, windows-amd64)
# No core dump will be written. Minidumps are not enabled by default on client versions of Windows
#

---------------  S U M M A R Y ------------

Command Line: --add-modules=ALL-SYSTEM --add-opens=java.base/java.util=ALL-UNNAMED --add-opens=java.base/java.lang=ALL-UNNAMED --add-opens=java.base/sun.nio.fs=ALL-UNNAMED -Declipse.application=org.eclipse.jdt.ls.core.id1 -Dosgi.bundles.defaultStartLevel=4 -Declipse.product=org.eclipse.jdt.ls.core.product -Djava.import.generatesMetadataFilesAtProjectRoot=false -DDetectVMInstallationsJob.disabled=true -Dfile.encoding=utf8 -XX:+UseParallelGC -XX:GCTimeRatio=4 -XX:AdaptiveSizePolicyWeight=90 -Dsun.zip.disableMemoryMapping=true -Xmx2G -Xms100m -Xlog:disable -javaagent:c:\Users\LENOVO\.vscode\extensions\redhat.java-1.54.0-win32-x64\lombok\lombok-1.18.39-4050.jar -XX:+HeapDumpOnOutOfMemoryError -XX:HeapDumpPath=c:\Users\LENOVO\AppData\Roaming\Code\User\workspaceStorage\bfb26a46be49cca22d8908512dd732fc\redhat.java -Daether.dependencyCollector.impl=bf c:\Users\LENOVO\.vscode\extensions\redhat.java-1.54.0-win32-x64\server\plugins\org.eclipse.equinox.launcher_1.7.100.v20251111-0406.jar -configuration c:\Users\LENOVO\AppData\Roaming\Code\User\globalStorage\redhat.java\1.54.0\config_win -data c:\Users\LENOVO\AppData\Roaming\Code\User\workspaceStorage\bfb26a46be49cca22d8908512dd732fc\redhat.java\jdt_ws --pipe=\\.\pipe\lsp-fdaf8235ae8cde3007e0fb76a5b35aaf-sock

Host: 13th Gen Intel(R) Core(TM) i7-13620H, 16 cores, 15G,  Windows 11 , 64 bit Build 26100 (10.0.26100.8328)
Time: Fri May 15 13:31:32 2026 SE Asia Standard Time elapsed time: 8503.638634 seconds (0d 2h 21m 43s)

---------------  T H R E A D  ---------------

Current thread (0x000001a375279850):  JavaThread "Attach Listener" daemon [_thread_in_vm, id=29880, stack(0x0000000986a00000,0x0000000986b00000) (1024K)]

Stack: [0x0000000986a00000,0x0000000986b00000]
Native frames: (J=compiled Java code, j=interpreted, Vv=VM code, C=native code)
V  [jvm.dll+0x6d7a39]
V  [jvm.dll+0x8b4b26]
V  [jvm.dll+0x8b70de]
V  [jvm.dll+0x8b77c3]
V  [jvm.dll+0x284346]
V  [jvm.dll+0xc1277]
V  [jvm.dll+0x6d82e9]
V  [jvm.dll+0x1334a6]
V  [jvm.dll+0x3f857e]
V  [jvm.dll+0x85f59d]
V  [jvm.dll+0x6d626d]
C  [ucrtbase.dll+0x37b0]
C  [KERNEL32.DLL+0x2e957]
C  [ntdll.dll+0x427c]


---------------  P R O C E S S  ---------------

Threads class SMR info:
_java_thread_list=0x000001a37e2d8d40, length=43, elements={
0x000001a319e07de0, 0x000001a375273fb0, 0x000001a375277440, 0x000001a37527afe0,
0x000001a375279850, 0x000001a375280a30, 0x000001a375283190, 0x000001a375287ba0,
0x000001a3752c1c50, 0x000001a375282b00, 0x000001a375281de0, 0x000001a375282470,
0x000001a375281750, 0x000001a375283820, 0x000001a3752803a0, 0x000001a3752810c0,
0x000001a37b41f870, 0x000001a37b41f1e0, 0x000001a37b41ff00, 0x000001a37b41e4c0,
0x000001a37b41eb50, 0x000001a37b423a10, 0x000001a37b422660, 0x000001a37b423380,
0x000001a37b420590, 0x000001a37b4240a0, 0x000001a37b424730, 0x000001a37b424dc0,
0x000001a37b425450, 0x000001a37b425ae0, 0x000001a37dd275a0, 0x000001a37dd261f0,
0x000001a37dd254d0, 0x000001a37dd25b60, 0x000001a37dd27c30, 0x000001a37dd24e40,
0x000001a37dd28fe0, 0x000001a37dd282c0, 0x000001a37dd26f10, 0x000001a37dd26880,
0x000001a37dd2aa20, 0x000001a37dd29d00, 0x000001a37d2c24b0
}

Java Threads: ( => current thread )
  0x000001a319e07de0 JavaThread "main"                              [_thread_blocked, id=20832, stack(0x0000000986300000,0x0000000986400000) (1024K)]
  0x000001a375273fb0 JavaThread "Reference Handler"          daemon [_thread_blocked, id=21088, stack(0x0000000986700000,0x0000000986800000) (1024K)]
  0x000001a375277440 JavaThread "Finalizer"                  daemon [_thread_blocked, id=23256, stack(0x0000000986800000,0x0000000986900000) (1024K)]
  0x000001a37527afe0 JavaThread "Signal Dispatcher"          daemon [_thread_blocked, id=14872, stack(0x0000000986900000,0x0000000986a00000) (1024K)]
=>0x000001a375279850 JavaThread "Attach Listener"            daemon [_thread_in_vm, id=29880, stack(0x0000000986a00000,0x0000000986b00000) (1024K)]
  0x000001a375280a30 JavaThread "Service Thread"             daemon [_thread_blocked, id=19808, stack(0x0000000986b00000,0x0000000986c00000) (1024K)]
  0x000001a375283190 JavaThread "Monitor Deflation Thread"   daemon [_thread_blocked, id=26444, stack(0x0000000986c00000,0x0000000986d00000) (1024K)]
  0x000001a375287ba0 JavaThread "C2 CompilerThread0"         daemon [_thread_blocked, id=32972, stack(0x0000000986d00000,0x0000000986e00000) (1024K)]
  0x000001a3752c1c50 JavaThread "C1 CompilerThread0"         daemon [_thread_blocked, id=14324, stack(0x0000000986e00000,0x0000000986f00000) (1024K)]
  0x000001a375282b00 JavaThread "Common-Cleaner"             daemon [_thread_blocked, id=13076, stack(0x0000000987200000,0x0000000987300000) (1024K)]
  0x000001a375281de0 JavaThread "Notification Thread"        daemon [_thread_blocked, id=19800, stack(0x0000000987100000,0x0000000987200000) (1024K)]
  0x000001a375282470 JavaThread "Active Thread: Equinox Container: 1c85cf51-8782-4370-bc38-83b475fa6e63"        [_thread_blocked, id=30232, stack(0x0000000987b00000,0x0000000987c00000) (1024K)]
  0x000001a375281750 JavaThread "Refresh Thread: Equinox Container: 1c85cf51-8782-4370-bc38-83b475fa6e63" daemon [_thread_blocked, id=17888, stack(0x0000000986f00000,0x0000000987000000) (1024K)]
  0x000001a375283820 JavaThread "Framework Event Dispatcher: Equinox Container: 1c85cf51-8782-4370-bc38-83b475fa6e63" daemon [_thread_blocked, id=29296, stack(0x0000000987000000,0x0000000987100000) (1024K)]
  0x000001a3752803a0 JavaThread "Start Level: Equinox Container: 1c85cf51-8782-4370-bc38-83b475fa6e63" daemon [_thread_blocked, id=23436, stack(0x0000000987300000,0x0000000987400000) (1024K)]
  0x000001a3752810c0 JavaThread "Bundle File Closer"         daemon [_thread_blocked, id=6688, stack(0x0000000988100000,0x0000000988200000) (1024K)]
  0x000001a37b41f870 JavaThread "SCR Component Actor"        daemon [_thread_blocked, id=28372, stack(0x0000000988300000,0x0000000988400000) (1024K)]
  0x000001a37b41f1e0 JavaThread "Worker-JM"                         [_thread_blocked, id=9488, stack(0x0000000988500000,0x0000000988600000) (1024K)]
  0x000001a37b41ff00 JavaThread "JNA Cleaner"                daemon [_thread_blocked, id=32912, stack(0x0000000988700000,0x0000000988800000) (1024K)]
  0x000001a37b41e4c0 JavaThread "Worker-0"                          [_thread_blocked, id=27484, stack(0x0000000988800000,0x0000000988900000) (1024K)]
  0x000001a37b41eb50 JavaThread "Java indexing"              daemon [_thread_blocked, id=20208, stack(0x0000000988c00000,0x0000000988d00000) (1024K)]
  0x000001a37b423a10 JavaThread "Worker-5"                          [_thread_blocked, id=21352, stack(0x0000000989200000,0x0000000989300000) (1024K)]
  0x000001a37b422660 JavaThread "Thread-1"                   daemon [_thread_in_native, id=5084, stack(0x0000000989400000,0x0000000989500000) (1024K)]
  0x000001a37b423380 JavaThread "Thread-2"                   daemon [_thread_in_native, id=21020, stack(0x0000000989500000,0x0000000989600000) (1024K)]
  0x000001a37b420590 JavaThread "Thread-3"                   daemon [_thread_in_native, id=27108, stack(0x0000000989600000,0x0000000989700000) (1024K)]
  0x000001a37b4240a0 JavaThread "Thread-4"                   daemon [_thread_in_native, id=17132, stack(0x0000000989700000,0x0000000989800000) (1024K)]
  0x000001a37b424730 JavaThread "Thread-5"                   daemon [_thread_in_native, id=32112, stack(0x0000000989800000,0x0000000989900000) (1024K)]
  0x000001a37b424dc0 JavaThread "Thread-6"                   daemon [_thread_in_native, id=24384, stack(0x0000000989900000,0x0000000989a00000) (1024K)]
  0x000001a37b425450 JavaThread "Thread-7"                   daemon [_thread_in_native, id=18040, stack(0x0000000989a00000,0x0000000989b00000) (1024K)]
  0x000001a37b425ae0 JavaThread "Thread-8"                   daemon [_thread_in_native, id=33508, stack(0x0000000989b00000,0x0000000989c00000) (1024K)]
  0x000001a37dd275a0 JavaThread "Thread-9"                   daemon [_thread_in_native, id=16416, stack(0x0000000989c00000,0x0000000989d00000) (1024K)]
  0x000001a37dd261f0 JavaThread "Thread-10"                  daemon [_thread_in_native, id=27076, stack(0x0000000989d00000,0x0000000989e00000) (1024K)]
  0x000001a37dd254d0 JavaThread "Thread-11"                  daemon [_thread_in_native, id=27844, stack(0x0000000989e00000,0x0000000989f00000) (1024K)]
  0x000001a37dd25b60 JavaThread "Thread-12"                  daemon [_thread_in_native, id=15336, stack(0x0000000989f00000,0x000000098a000000) (1024K)]
  0x000001a37dd27c30 JavaThread "Thread-13"                  daemon [_thread_in_native, id=23184, stack(0x000000098a000000,0x000000098a100000) (1024K)]
  0x000001a37dd24e40 JavaThread "Thread-14"                  daemon [_thread_in_native, id=5696, stack(0x000000098a100000,0x000000098a200000) (1024K)]
  0x000001a37dd28fe0 JavaThread "Thread-15"                  daemon [_thread_in_native, id=11876, stack(0x000000098a200000,0x000000098a300000) (1024K)]
  0x000001a37dd282c0 JavaThread "Thread-16"                  daemon [_thread_in_native, id=14372, stack(0x000000098a300000,0x000000098a400000) (1024K)]
  0x000001a37dd26f10 JavaThread "Thread-17"                  daemon [_thread_in_native, id=6800, stack(0x000000098a400000,0x000000098a500000) (1024K)]
  0x000001a37dd26880 JavaThread "pool-2-thread-1"                   [_thread_blocked, id=23340, stack(0x000000098a500000,0x000000098a600000) (1024K)]
  0x000001a37dd2aa20 JavaThread "WorkspaceEventsHandler"            [_thread_blocked, id=25696, stack(0x000000098a600000,0x000000098a700000) (1024K)]
  0x000001a37dd29d00 JavaThread "pool-1-thread-1"                   [_thread_blocked, id=24256, stack(0x000000098a700000,0x000000098a800000) (1024K)]
  0x000001a37d2c24b0 JavaThread "Cleaner-0"                  daemon [_thread_blocked, id=20508, stack(0x000000098ac00000,0x000000098ad00000) (1024K)]
Total: 43

Other Threads:
  0x000001a31c2ee910 VMThread "VM Thread"                           [id=24108, stack(0x0000000986600000,0x0000000986700000) (1024K)]
  0x000001a31c0bca10 WatcherThread "VM Periodic Task Thread"        [id=14512, stack(0x0000000986500000,0x0000000986600000) (1024K)]
  0x000001a31c24b690 WorkerThread "GC Thread#0"                     [id=20932, stack(0x0000000986400000,0x0000000986500000) (1024K)]
  0x000001a37b22c090 WorkerThread "GC Thread#1"                     [id=15576, stack(0x0000000987400000,0x0000000987500000) (1024K)]
  0x000001a37b5748b0 WorkerThread "GC Thread#2"                     [id=14048, stack(0x0000000987500000,0x0000000987600000) (1024K)]
  0x000001a37b40fa60 WorkerThread "GC Thread#3"                     [id=22576, stack(0x0000000987600000,0x0000000987700000) (1024K)]
  0x000001a37b40fe10 WorkerThread "GC Thread#4"                     [id=31384, stack(0x0000000987700000,0x0000000987800000) (1024K)]
  0x000001a37b6e2070 WorkerThread "GC Thread#5"                     [id=1128, stack(0x0000000987800000,0x0000000987900000) (1024K)]
  0x000001a37b6e2830 WorkerThread "GC Thread#6"                     [id=31312, stack(0x0000000987900000,0x0000000987a00000) (1024K)]
  0x000001a37b80fd00 WorkerThread "GC Thread#7"                     [id=2540, stack(0x0000000987c00000,0x0000000987d00000) (1024K)]
  0x000001a37ba89140 WorkerThread "GC Thread#8"                     [id=19696, stack(0x0000000987e00000,0x0000000987f00000) (1024K)]
  0x000001a37ba894f0 WorkerThread "GC Thread#9"                     [id=1412, stack(0x0000000987f00000,0x0000000988000000) (1024K)]
  0x000001a37ba898a0 WorkerThread "GC Thread#10"                    [id=33384, stack(0x0000000988000000,0x0000000988100000) (1024K)]
  0x000001a37bd9c990 WorkerThread "GC Thread#11"                    [id=6720, stack(0x0000000987a00000,0x0000000987b00000) (1024K)]
  0x000001a37bd9cd40 WorkerThread "GC Thread#12"                    [id=8944, stack(0x0000000987d00000,0x0000000987e00000) (1024K)]
Total: 15

Threads with active compile tasks:
Total: 0

VM state: not at safepoint (normal execution)

VM Mutex/Monitor currently owned by a thread: None

Heap address: 0x0000000080000000, size: 2048 MB, Compressed Oops mode: 32-bit

CDS archive(s) mapped at: [0x000001a333000000-0x000001a333ba0000-0x000001a333ba0000), size 12189696, SharedBaseAddress: 0x000001a333000000, ArchiveRelocationMode: 1.
Compressed class space mapped at: 0x000001a334000000-0x000001a374000000, reserved size: 1073741824
Narrow klass base: 0x000001a333000000, Narrow klass shift: 0, Narrow klass range: 0x100000000

GC Precious Log:
 CardTable entry size: 512
 CPUs: 16 total, 16 available
 Memory: 16107M
 Large Page Support: Disabled
 NUMA Support: Disabled
 Compressed Oops: Enabled (32-bit)
 Alignments: Space 512K, Generation 512K, Heap 2M
 Heap Min Capacity: 100M
 Heap Initial Capacity: 100M
 Heap Max Capacity: 2G
 Pre-touch: Disabled
 Parallel Workers: 13

Heap:
 PSYoungGen      total 22528K, used 15982K [0x00000000d5580000, 0x00000000d6e80000, 0x0000000100000000)
  eden space 20480K, 68% used [0x00000000d5580000,0x00000000d6326a00,0x00000000d6980000)
  from space 2048K, 97% used [0x00000000d6c80000,0x00000000d6e74f80,0x00000000d6e80000)
  to   space 2560K, 0% used [0x00000000d6980000,0x00000000d6980000,0x00000000d6c00000)
 ParOldGen       total 68608K, used 45247K [0x0000000080000000, 0x0000000084300000, 0x00000000d5580000)
  object space 68608K, 65% used [0x0000000080000000,0x0000000082c2fc78,0x0000000084300000)
 Metaspace       used 67155K, committed 68480K, reserved 1114112K
  class space    used 7171K, committed 7744K, reserved 1048576K

Card table byte_map: [0x000001a31bbd0000,0x000001a31bfe0000] _byte_map_base: 0x000001a31b7d0000

Marking Bits: (ParMarkBitMap*) 0x00007ffeb1883450
 Begin Bits: [0x000001a32e6e0000, 0x000001a3306e0000)
 End Bits:   [0x000001a3306e0000, 0x000001a3326e0000)

Polling page: 0x000001a31a080000

Metaspace:

Usage:
  Non-class:     58.58 MB used.
      Class:      7.00 MB used.
       Both:     65.58 MB used.

Virtual space:
  Non-class space:       64.00 MB reserved,      59.31 MB ( 93%) committed,  1 nodes.
      Class space:        1.00 GB reserved,       7.56 MB ( <1%) committed,  1 nodes.
             Both:        1.06 GB reserved,      66.88 MB (  6%) committed. 

Chunk freelists:
   Non-Class:  4.62 MB
       Class:  8.39 MB
        Both:  13.02 MB

MaxMetaspaceSize: unlimited
CompressedClassSpaceSize: 1.00 GB
Initial GC threshold: 21.00 MB
Current GC threshold: 97.31 MB
CDS: on
 - commit_granule_bytes: 65536.
 - commit_granule_words: 8192.
 - virtual_space_node_default_size: 8388608.
 - enlarge_chunks_in_place: 1.
 - use_allocation_guard: 0.


Internal statistics:

num_allocs_failed_limit: 9.
num_arena_births: 1024.
num_arena_deaths: 22.
num_vsnodes_births: 2.
num_vsnodes_deaths: 0.
num_space_committed: 1070.
num_space_uncommitted: 0.
num_chunks_returned_to_freelist: 35.
num_chunks_taken_from_freelist: 3889.
num_chunk_merges: 11.
num_chunk_splits: 2434.
num_chunks_enlarged: 1447.
num_inconsistent_stats: 0.

CodeHeap 'non-profiled nmethods': size=119168Kb used=6501Kb max_used=6501Kb free=112666Kb
 bounds [0x000001a326fd0000, 0x000001a327630000, 0x000001a32e430000]
CodeHeap 'profiled nmethods': size=119104Kb used=20292Kb max_used=20292Kb free=98811Kb
 bounds [0x000001a31f430000, 0x000001a320810000, 0x000001a326880000]
CodeHeap 'non-nmethods': size=7488Kb used=1471Kb max_used=3184Kb free=6016Kb
 bounds [0x000001a326880000, 0x000001a326ba0000, 0x000001a326fd0000]
CodeCache: size=245760Kb, used=28264Kb, max_used=29977Kb, free=217493Kb
 total_blobs=10103, nmethods=9314, adapters=694, full_count=0
Compilation: enabled, stopped_count=0, restarted_count=0

Compilation events (20 events):
Event: 7032.982 Thread 0x000001a3752c1c50 10129       3       java.util.logging.LogManager::getLogger (9 bytes)
Event: 7032.982 Thread 0x000001a3752c1c50 nmethod 10129 0x000001a3207f8810 code [0x000001a3207f89c0, 0x000001a3207f8bd0]
Event: 7324.936 Thread 0x000001a3752c1c50 10130   !   3       org.eclipse.osgi.container.ModuleDatabase::getTimestamp (25 bytes)
Event: 7324.970 Thread 0x000001a3752c1c50 nmethod 10130 0x000001a3207f8d10 code [0x000001a3207f8f60, 0x000001a3207f98a8]
Event: 7414.964 Thread 0x000001a3752c1c50 10131       3       org.eclipse.osgi.storage.Storage::isReadOnly (10 bytes)
Event: 7414.968 Thread 0x000001a3752c1c50 nmethod 10131 0x000001a3207f9d10 code [0x000001a3207f9ec0, 0x000001a3207fa040]
Event: 7440.529 Thread 0x000001a3752c1c50 10132   !   3       jdk.internal.ref.PhantomCleanable::isListEmpty (34 bytes)
Event: 7440.533 Thread 0x000001a3752c1c50 nmethod 10132 0x000001a3207fa110 code [0x000001a3207fa2c0, 0x000001a3207fa518]
Event: 7440.533 Thread 0x000001a3752c1c50 10133       3       jdk.internal.misc.InnocuousThread::eraseThreadLocals (23 bytes)
Event: 7440.534 Thread 0x000001a3752c1c50 nmethod 10133 0x000001a3207fa610 code [0x000001a3207fa7a0, 0x000001a3207fa908]
Event: 7685.056 Thread 0x000001a3752c1c50 10134   !   3       org.eclipse.osgi.internal.framework.StorageSaver$StorageSaverTask::run (31 bytes)
Event: 7685.086 Thread 0x000001a3752c1c50 nmethod 10134 0x000001a3207fa990 code [0x000001a3207fab60, 0x000001a3207fae00]
Event: 7685.087 Thread 0x000001a3752c1c50 10135   !   3       org.eclipse.osgi.storage.Storage::save (62 bytes)
Event: 7685.092 Thread 0x000001a3752c1c50 nmethod 10135 0x000001a3207faf90 code [0x000001a3207fb180, 0x000001a3207fb4f0]
Event: 7685.092 Thread 0x000001a3752c1c50 10136   !   3       org.eclipse.osgi.storage.Storage::save0 (246 bytes)
Event: 7685.129 Thread 0x000001a3752c1c50 nmethod 10136 0x000001a3207fb690 code [0x000001a3207fbba0, 0x000001a3207fe788]
Event: 7899.411 Thread 0x000001a3752c1c50 10137       3       org.eclipse.core.internal.jobs.JobManager::startJob (89 bytes)
Event: 7899.437 Thread 0x000001a3752c1c50 nmethod 10137 0x000001a3207ffd10 code [0x000001a3207fffc0, 0x000001a320800e20]
Event: 8439.388 Thread 0x000001a3752c1c50 10138       1       org.eclipse.core.internal.jobs.InternalJob::getListeners (5 bytes)
Event: 8439.395 Thread 0x000001a3752c1c50 nmethod 10138 0x000001a327629490 code [0x000001a327629620, 0x000001a3276296e8]

GC Heap History (20 events):
Event: 46.899 GC heap before
{Heap before GC invocations=30 (full 2):
 PSYoungGen      total 23040K, used 23034K [0x00000000d5580000, 0x00000000d7680000, 0x0000000100000000)
  eden space 20480K, 100% used [0x00000000d5580000,0x00000000d6980000,0x00000000d6980000)
  from space 2560K, 99% used [0x00000000d6980000,0x00000000d6bfea88,0x00000000d6c00000)
  to   space 6656K, 0% used [0x00000000d7000000,0x00000000d7000000,0x00000000d7680000)
 ParOldGen       total 68608K, used 39045K [0x0000000080000000, 0x0000000084300000, 0x00000000d5580000)
  object space 68608K, 56% used [0x0000000080000000,0x00000000826217d8,0x0000000084300000)
 Metaspace       used 54965K, committed 56128K, reserved 1114112K
  class space    used 5989K, committed 6464K, reserved 1048576K
}
Event: 46.915 GC heap after
{Heap after GC invocations=30 (full 2):
 PSYoungGen      total 23040K, used 2443K [0x00000000d5580000, 0x00000000d7280000, 0x0000000100000000)
  eden space 20480K, 0% used [0x00000000d5580000,0x00000000d5580000,0x00000000d6980000)
  from space 2560K, 95% used [0x00000000d7000000,0x00000000d7262e58,0x00000000d7280000)
  to   space 4096K, 0% used [0x00000000d6a80000,0x00000000d6a80000,0x00000000d6e80000)
 ParOldGen       total 68608K, used 41591K [0x0000000080000000, 0x0000000084300000, 0x00000000d5580000)
  object space 68608K, 60% used [0x0000000080000000,0x000000008289dc30,0x0000000084300000)
 Metaspace       used 54965K, committed 56128K, reserved 1114112K
  class space    used 5989K, committed 6464K, reserved 1048576K
}
Event: 48.159 GC heap before
{Heap before GC invocations=31 (full 2):
 PSYoungGen      total 23040K, used 22923K [0x00000000d5580000, 0x00000000d7280000, 0x0000000100000000)
  eden space 20480K, 100% used [0x00000000d5580000,0x00000000d6980000,0x00000000d6980000)
  from space 2560K, 95% used [0x00000000d7000000,0x00000000d7262e58,0x00000000d7280000)
  to   space 4096K, 0% used [0x00000000d6a80000,0x00000000d6a80000,0x00000000d6e80000)
 ParOldGen       total 68608K, used 41591K [0x0000000080000000, 0x0000000084300000, 0x00000000d5580000)
  object space 68608K, 60% used [0x0000000080000000,0x000000008289dc30,0x0000000084300000)
 Metaspace       used 55823K, committed 57024K, reserved 1114112K
  class space    used 6098K, committed 6592K, reserved 1048576K
}
Event: 48.168 GC heap after
{Heap after GC invocations=31 (full 2):
 PSYoungGen      total 24576K, used 608K [0x00000000d5580000, 0x00000000d7080000, 0x0000000100000000)
  eden space 20480K, 0% used [0x00000000d5580000,0x00000000d5580000,0x00000000d6980000)
  from space 4096K, 14% used [0x00000000d6a80000,0x00000000d6b18010,0x00000000d6e80000)
  to   space 1536K, 0% used [0x00000000d6f00000,0x00000000d6f00000,0x00000000d7080000)
 ParOldGen       total 68608K, used 43884K [0x0000000080000000, 0x0000000084300000, 0x00000000d5580000)
  object space 68608K, 63% used [0x0000000080000000,0x0000000082adb168,0x0000000084300000)
 Metaspace       used 55823K, committed 57024K, reserved 1114112K
  class space    used 6098K, committed 6592K, reserved 1048576K
}
Event: 49.449 GC heap before
{Heap before GC invocations=32 (full 2):
 PSYoungGen      total 24576K, used 21088K [0x00000000d5580000, 0x00000000d7080000, 0x0000000100000000)
  eden space 20480K, 100% used [0x00000000d5580000,0x00000000d6980000,0x00000000d6980000)
  from space 4096K, 14% used [0x00000000d6a80000,0x00000000d6b18010,0x00000000d6e80000)
  to   space 1536K, 0% used [0x00000000d6f00000,0x00000000d6f00000,0x00000000d7080000)
 ParOldGen       total 68608K, used 43884K [0x0000000080000000, 0x0000000084300000, 0x00000000d5580000)
  object space 68608K, 63% used [0x0000000080000000,0x0000000082adb168,0x0000000084300000)
 Metaspace       used 56713K, committed 57856K, reserved 1114112K
  class space    used 6181K, committed 6656K, reserved 1048576K
}
Event: 49.457 GC heap after
{Heap after GC invocations=32 (full 2):
 PSYoungGen      total 22016K, used 1515K [0x00000000d5580000, 0x00000000d7080000, 0x0000000100000000)
  eden space 20480K, 0% used [0x00000000d5580000,0x00000000d5580000,0x00000000d6980000)
  from space 1536K, 98% used [0x00000000d6f00000,0x00000000d707acc0,0x00000000d7080000)
  to   space 2560K, 0% used [0x00000000d6b80000,0x00000000d6b80000,0x00000000d6e00000)
 ParOldGen       total 68608K, used 44252K [0x0000000080000000, 0x0000000084300000, 0x00000000d5580000)
  object space 68608K, 64% used [0x0000000080000000,0x0000000082b37168,0x0000000084300000)
 Metaspace       used 56713K, committed 57856K, reserved 1114112K
  class space    used 6181K, committed 6656K, reserved 1048576K
}
Event: 50.891 GC heap before
{Heap before GC invocations=33 (full 2):
 PSYoungGen      total 22016K, used 21995K [0x00000000d5580000, 0x00000000d7080000, 0x0000000100000000)
  eden space 20480K, 100% used [0x00000000d5580000,0x00000000d6980000,0x00000000d6980000)
  from space 1536K, 98% used [0x00000000d6f00000,0x00000000d707acc0,0x00000000d7080000)
  to   space 2560K, 0% used [0x00000000d6b80000,0x00000000d6b80000,0x00000000d6e00000)
 ParOldGen       total 68608K, used 44252K [0x0000000080000000, 0x0000000084300000, 0x00000000d5580000)
  object space 68608K, 64% used [0x0000000080000000,0x0000000082b37168,0x0000000084300000)
 Metaspace       used 56725K, committed 57856K, reserved 1114112K
  class space    used 6181K, committed 6656K, reserved 1048576K
}
Event: 50.895 GC heap after
{Heap after GC invocations=33 (full 2):
 PSYoungGen      total 23040K, used 991K [0x00000000d5580000, 0x00000000d6f80000, 0x0000000100000000)
  eden space 20480K, 0% used [0x00000000d5580000,0x00000000d5580000,0x00000000d6980000)
  from space 2560K, 38% used [0x00000000d6b80000,0x00000000d6c77d90,0x00000000d6e00000)
  to   space 1536K, 0% used [0x00000000d6e00000,0x00000000d6e00000,0x00000000d6f80000)
 ParOldGen       total 68608K, used 44912K [0x0000000080000000, 0x0000000084300000, 0x00000000d5580000)
  object space 68608K, 65% used [0x0000000080000000,0x0000000082bdc2e0,0x0000000084300000)
 Metaspace       used 56725K, committed 57856K, reserved 1114112K
  class space    used 6181K, committed 6656K, reserved 1048576K
}
Event: 51.667 GC heap before
{Heap before GC invocations=34 (full 2):
 PSYoungGen      total 23040K, used 13214K [0x00000000d5580000, 0x00000000d6f80000, 0x0000000100000000)
  eden space 20480K, 59% used [0x00000000d5580000,0x00000000d616fd58,0x00000000d6980000)
  from space 2560K, 38% used [0x00000000d6b80000,0x00000000d6c77d90,0x00000000d6e00000)
  to   space 1536K, 0% used [0x00000000d6e00000,0x00000000d6e00000,0x00000000d6f80000)
 ParOldGen       total 68608K, used 44912K [0x0000000080000000, 0x0000000084300000, 0x00000000d5580000)
  object space 68608K, 65% used [0x0000000080000000,0x0000000082bdc2e0,0x0000000084300000)
 Metaspace       used 58560K, committed 59776K, reserved 1114112K
  class space    used 6324K, committed 6848K, reserved 1048576K
}
Event: 51.670 GC heap after
{Heap after GC invocations=34 (full 2):
 PSYoungGen      total 21504K, used 576K [0x00000000d5580000, 0x00000000d6f00000, 0x0000000100000000)
  eden space 20480K, 0% used [0x00000000d5580000,0x00000000d5580000,0x00000000d6980000)
  from space 1024K, 56% used [0x00000000d6e00000,0x00000000d6e90000,0x00000000d6f00000)
  to   space 1024K, 0% used [0x00000000d6d00000,0x00000000d6d00000,0x00000000d6e00000)
 ParOldGen       total 68608K, used 44936K [0x0000000080000000, 0x0000000084300000, 0x00000000d5580000)
  object space 68608K, 65% used [0x0000000080000000,0x0000000082be22e0,0x0000000084300000)
 Metaspace       used 58560K, committed 59776K, reserved 1114112K
  class space    used 6324K, committed 6848K, reserved 1048576K
}
Event: 51.670 GC heap before
{Heap before GC invocations=35 (full 3):
 PSYoungGen      total 21504K, used 576K [0x00000000d5580000, 0x00000000d6f00000, 0x0000000100000000)
  eden space 20480K, 0% used [0x00000000d5580000,0x00000000d5580000,0x00000000d6980000)
  from space 1024K, 56% used [0x00000000d6e00000,0x00000000d6e90000,0x00000000d6f00000)
  to   space 1024K, 0% used [0x00000000d6d00000,0x00000000d6d00000,0x00000000d6e00000)
 ParOldGen       total 68608K, used 44936K [0x0000000080000000, 0x0000000084300000, 0x00000000d5580000)
  object space 68608K, 65% used [0x0000000080000000,0x0000000082be22e0,0x0000000084300000)
 Metaspace       used 58560K, committed 59776K, reserved 1114112K
  class space    used 6324K, committed 6848K, reserved 1048576K
}
Event: 51.906 GC heap after
{Heap after GC invocations=35 (full 3):
 PSYoungGen      total 21504K, used 0K [0x00000000d5580000, 0x00000000d6f00000, 0x0000000100000000)
  eden space 20480K, 0% used [0x00000000d5580000,0x00000000d5580000,0x00000000d6980000)
  from space 1024K, 0% used [0x00000000d6e00000,0x00000000d6e00000,0x00000000d6f00000)
  to   space 1024K, 0% used [0x00000000d6d00000,0x00000000d6d00000,0x00000000d6e00000)
 ParOldGen       total 68608K, used 41275K [0x0000000080000000, 0x0000000084300000, 0x00000000d5580000)
  object space 68608K, 60% used [0x0000000080000000,0x000000008284ef28,0x0000000084300000)
 Metaspace       used 58560K, committed 59776K, reserved 1114112K
  class space    used 6324K, committed 6848K, reserved 1048576K
}
Event: 53.800 GC heap before
{Heap before GC invocations=36 (full 3):
 PSYoungGen      total 21504K, used 20480K [0x00000000d5580000, 0x00000000d6f00000, 0x0000000100000000)
  eden space 20480K, 100% used [0x00000000d5580000,0x00000000d6980000,0x00000000d6980000)
  from space 1024K, 0% used [0x00000000d6e00000,0x00000000d6e00000,0x00000000d6f00000)
  to   space 1024K, 0% used [0x00000000d6d00000,0x00000000d6d00000,0x00000000d6e00000)
 ParOldGen       total 68608K, used 41275K [0x0000000080000000, 0x0000000084300000, 0x00000000d5580000)
  object space 68608K, 60% used [0x0000000080000000,0x000000008284ef28,0x0000000084300000)
 Metaspace       used 60918K, committed 62016K, reserved 1114112K
  class space    used 6602K, committed 7040K, reserved 1048576K
}
Event: 53.805 GC heap after
{Heap after GC invocations=36 (full 3):
 PSYoungGen      total 21504K, used 976K [0x00000000d5580000, 0x00000000d6e80000, 0x0000000100000000)
  eden space 20480K, 0% used [0x00000000d5580000,0x00000000d5580000,0x00000000d6980000)
  from space 1024K, 95% used [0x00000000d6d00000,0x00000000d6df4040,0x00000000d6e00000)
  to   space 512K, 0% used [0x00000000d6e00000,0x00000000d6e00000,0x00000000d6e80000)
 ParOldGen       total 68608K, used 41283K [0x0000000080000000, 0x0000000084300000, 0x00000000d5580000)
  object space 68608K, 60% used [0x0000000080000000,0x0000000082850f28,0x0000000084300000)
 Metaspace       used 60918K, committed 62016K, reserved 1114112K
  class space    used 6602K, committed 7040K, reserved 1048576K
}
Event: 55.604 GC heap before
{Heap before GC invocations=37 (full 3):
 PSYoungGen      total 21504K, used 21456K [0x00000000d5580000, 0x00000000d6e80000, 0x0000000100000000)
  eden space 20480K, 100% used [0x00000000d5580000,0x00000000d6980000,0x00000000d6980000)
  from space 1024K, 95% used [0x00000000d6d00000,0x00000000d6df4040,0x00000000d6e00000)
  to   space 512K, 0% used [0x00000000d6e00000,0x00000000d6e00000,0x00000000d6e80000)
 ParOldGen       total 68608K, used 41283K [0x0000000080000000, 0x0000000084300000, 0x00000000d5580000)
  object space 68608K, 60% used [0x0000000080000000,0x0000000082850f28,0x0000000084300000)
 Metaspace       used 63081K, committed 64320K, reserved 1114112K
  class space    used 6804K, committed 7296K, reserved 1048576K
}
Event: 55.614 GC heap after
{Heap after GC invocations=37 (full 3):
 PSYoungGen      total 20992K, used 484K [0x00000000d5580000, 0x00000000d7080000, 0x0000000100000000)
  eden space 20480K, 0% used [0x00000000d5580000,0x00000000d5580000,0x00000000d6980000)
  from space 512K, 94% used [0x00000000d6e00000,0x00000000d6e79160,0x00000000d6e80000)
  to   space 3584K, 0% used [0x00000000d6980000,0x00000000d6980000,0x00000000d6d00000)
 ParOldGen       total 68608K, used 43622K [0x0000000080000000, 0x0000000084300000, 0x00000000d5580000)
  object space 68608K, 63% used [0x0000000080000000,0x0000000082a99a60,0x0000000084300000)
 Metaspace       used 63081K, committed 64320K, reserved 1114112K
  class space    used 6804K, committed 7296K, reserved 1048576K
}
Event: 57.006 GC heap before
{Heap before GC invocations=38 (full 3):
 PSYoungGen      total 20992K, used 20964K [0x00000000d5580000, 0x00000000d7080000, 0x0000000100000000)
  eden space 20480K, 100% used [0x00000000d5580000,0x00000000d6980000,0x00000000d6980000)
  from space 512K, 94% used [0x00000000d6e00000,0x00000000d6e79160,0x00000000d6e80000)
  to   space 3584K, 0% used [0x00000000d6980000,0x00000000d6980000,0x00000000d6d00000)
 ParOldGen       total 68608K, used 43622K [0x0000000080000000, 0x0000000084300000, 0x00000000d5580000)
  object space 68608K, 63% used [0x0000000080000000,0x0000000082a99a60,0x0000000084300000)
 Metaspace       used 64824K, committed 66112K, reserved 1114112K
  class space    used 6966K, committed 7488K, reserved 1048576K
}
Event: 57.011 GC heap after
{Heap after GC invocations=38 (full 3):
 PSYoungGen      total 22016K, used 1377K [0x00000000d5580000, 0x00000000d6e80000, 0x0000000100000000)
  eden space 20480K, 0% used [0x00000000d5580000,0x00000000d5580000,0x00000000d6980000)
  from space 1536K, 89% used [0x00000000d6980000,0x00000000d6ad84e0,0x00000000d6b00000)
  to   space 2048K, 0% used [0x00000000d6c80000,0x00000000d6c80000,0x00000000d6e80000)
 ParOldGen       total 68608K, used 44155K [0x0000000080000000, 0x0000000084300000, 0x00000000d5580000)
  object space 68608K, 64% used [0x0000000080000000,0x0000000082b1ece8,0x0000000084300000)
 Metaspace       used 64824K, committed 66112K, reserved 1114112K
  class space    used 6966K, committed 7488K, reserved 1048576K
}
Event: 59.580 GC heap before
{Heap before GC invocations=39 (full 3):
 PSYoungGen      total 22016K, used 21845K [0x00000000d5580000, 0x00000000d6e80000, 0x0000000100000000)
  eden space 20480K, 99% used [0x00000000d5580000,0x00000000d697cfa0,0x00000000d6980000)
  from space 1536K, 89% used [0x00000000d6980000,0x00000000d6ad84e0,0x00000000d6b00000)
  to   space 2048K, 0% used [0x00000000d6c80000,0x00000000d6c80000,0x00000000d6e80000)
 ParOldGen       total 68608K, used 44155K [0x0000000080000000, 0x0000000084300000, 0x00000000d5580000)
  object space 68608K, 64% used [0x0000000080000000,0x0000000082b1ece8,0x0000000084300000)
 Metaspace       used 66325K, committed 67648K, reserved 1114112K
  class space    used 7096K, committed 7680K, reserved 1048576K
}
Event: 59.585 GC heap after
{Heap after GC invocations=39 (full 3):
 PSYoungGen      total 22528K, used 2003K [0x00000000d5580000, 0x00000000d6e80000, 0x0000000100000000)
  eden space 20480K, 0% used [0x00000000d5580000,0x00000000d5580000,0x00000000d6980000)
  from space 2048K, 97% used [0x00000000d6c80000,0x00000000d6e74f80,0x00000000d6e80000)
  to   space 2560K, 0% used [0x00000000d6980000,0x00000000d6980000,0x00000000d6c00000)
 ParOldGen       total 68608K, used 45247K [0x0000000080000000, 0x0000000084300000, 0x00000000d5580000)
  object space 68608K, 65% used [0x0000000080000000,0x0000000082c2fc78,0x0000000084300000)
 Metaspace       used 66325K, committed 67648K, reserved 1114112K
  class space    used 7096K, committed 7680K, reserved 1048576K
}

Dll operation events (12 events):
Event: 0.017 Loaded shared library c:\Users\LENOVO\.vscode\extensions\redhat.java-1.54.0-win32-x64\jre\21.0.10-win32-x86_64\bin\java.dll
Event: 0.129 Loaded shared library c:\Users\LENOVO\.vscode\extensions\redhat.java-1.54.0-win32-x64\jre\21.0.10-win32-x86_64\bin\zip.dll
Event: 0.159 Loaded shared library C:\Users\LENOVO\.vscode\extensions\redhat.java-1.54.0-win32-x64\jre\21.0.10-win32-x86_64\bin\instrument.dll
Event: 0.511 Loaded shared library C:\Users\LENOVO\.vscode\extensions\redhat.java-1.54.0-win32-x64\jre\21.0.10-win32-x86_64\bin\net.dll
Event: 0.631 Loaded shared library C:\Users\LENOVO\.vscode\extensions\redhat.java-1.54.0-win32-x64\jre\21.0.10-win32-x86_64\bin\nio.dll
Event: 0.639 Loaded shared library C:\Users\LENOVO\.vscode\extensions\redhat.java-1.54.0-win32-x64\jre\21.0.10-win32-x86_64\bin\zip.dll
Event: 0.667 Loaded shared library C:\Users\LENOVO\.vscode\extensions\redhat.java-1.54.0-win32-x64\jre\21.0.10-win32-x86_64\bin\jimage.dll
Event: 0.876 Loaded shared library c:\Users\LENOVO\.vscode\extensions\redhat.java-1.54.0-win32-x64\jre\21.0.10-win32-x86_64\bin\verify.dll
Event: 19.464 Loaded shared library C:\Users\LENOVO\AppData\Roaming\Code\User\globalStorage\redhat.java\1.54.0\config_win\org.eclipse.equinox.launcher\org.eclipse.equinox.launcher.win32.win32.x86_64_1.3.0.v20260203-2149\eclipse_11919.dll
Event: 38.992 Loaded shared library C:\Users\LENOVO\AppData\Local\Temp\jna--2053026509\jna17423485460191902108.dll
Event: 41.607 Loaded shared library C:\Users\LENOVO\.vscode\extensions\redhat.java-1.54.0-win32-x64\jre\21.0.10-win32-x86_64\bin\sunmscapi.dll
Event: 41.864 Loaded shared library C:\Users\LENOVO\.vscode\extensions\redhat.java-1.54.0-win32-x64\jre\21.0.10-win32-x86_64\bin\extnet.dll

Deoptimization events (20 events):
Event: 59.999 Thread 0x000001a37d2c2b40 Uncommon trap: trap_request=0xffffffc6 fr.pc=0x000001a3275afbc4 relative=0x0000000000007f84
Event: 59.999 Thread 0x000001a37d2c2b40 Uncommon trap: reason=bimorphic_or_optimized_type_check action=maybe_recompile pc=0x000001a3275afbc4 method=org.lombokweb.asm.ClassReader.readCode(Lorg/lombokweb/asm/MethodVisitor;Lorg/lombokweb/asm/Context;I)V @ 4265 c2
Event: 59.999 Thread 0x000001a37d2c2b40 DEOPT PACKING pc=0x000001a3275afbc4 sp=0x0000000988af8870
Event: 59.999 Thread 0x000001a37d2c2b40 DEOPT UNPACKING pc=0x000001a3268d3aa2 sp=0x0000000988af87b8 mode 2
Event: 60.000 Thread 0x000001a37d2c2b40 Uncommon trap: trap_request=0xffffffc6 fr.pc=0x000001a3275afbc4 relative=0x0000000000007f84
Event: 60.000 Thread 0x000001a37d2c2b40 Uncommon trap: reason=bimorphic_or_optimized_type_check action=maybe_recompile pc=0x000001a3275afbc4 method=org.lombokweb.asm.ClassReader.readCode(Lorg/lombokweb/asm/MethodVisitor;Lorg/lombokweb/asm/Context;I)V @ 4265 c2
Event: 60.000 Thread 0x000001a37d2c2b40 DEOPT PACKING pc=0x000001a3275afbc4 sp=0x0000000988af8870
Event: 60.008 Thread 0x000001a37d2c2b40 DEOPT UNPACKING pc=0x000001a3268d3aa2 sp=0x0000000988af87b8 mode 2
Event: 60.024 Thread 0x000001a37d2c2b40 Uncommon trap: trap_request=0xffffffc6 fr.pc=0x000001a3275afbc4 relative=0x0000000000007f84
Event: 60.024 Thread 0x000001a37d2c2b40 Uncommon trap: reason=bimorphic_or_optimized_type_check action=maybe_recompile pc=0x000001a3275afbc4 method=org.lombokweb.asm.ClassReader.readCode(Lorg/lombokweb/asm/MethodVisitor;Lorg/lombokweb/asm/Context;I)V @ 4265 c2
Event: 60.024 Thread 0x000001a37d2c2b40 DEOPT PACKING pc=0x000001a3275afbc4 sp=0x0000000988af8870
Event: 60.024 Thread 0x000001a37d2c2b40 DEOPT UNPACKING pc=0x000001a3268d3aa2 sp=0x0000000988af87b8 mode 2
Event: 60.295 Thread 0x000001a37d2c2b40 Uncommon trap: trap_request=0xffffffc6 fr.pc=0x000001a3275afbc4 relative=0x0000000000007f84
Event: 60.295 Thread 0x000001a37d2c2b40 Uncommon trap: reason=bimorphic_or_optimized_type_check action=maybe_recompile pc=0x000001a3275afbc4 method=org.lombokweb.asm.ClassReader.readCode(Lorg/lombokweb/asm/MethodVisitor;Lorg/lombokweb/asm/Context;I)V @ 4265 c2
Event: 60.295 Thread 0x000001a37d2c2b40 DEOPT PACKING pc=0x000001a3275afbc4 sp=0x0000000988af86e0
Event: 60.295 Thread 0x000001a37d2c2b40 DEOPT UNPACKING pc=0x000001a3268d3aa2 sp=0x0000000988af8628 mode 2
Event: 60.430 Thread 0x000001a37d2c2b40 Uncommon trap: trap_request=0xffffffde fr.pc=0x000001a3274d0398 relative=0x0000000000000078
Event: 60.430 Thread 0x000001a37d2c2b40 Uncommon trap: reason=class_check action=maybe_recompile pc=0x000001a3274d0398 method=java.util.LinkedHashMap.afterNodeInsertion(Z)V @ 15 c2
Event: 60.430 Thread 0x000001a37d2c2b40 DEOPT PACKING pc=0x000001a3274d0398 sp=0x0000000988afec70
Event: 60.430 Thread 0x000001a37d2c2b40 DEOPT UNPACKING pc=0x000001a3268d3aa2 sp=0x0000000988afebe8 mode 2

Classes loaded (20 events):
Event: 55.752 Loading class java/util/concurrent/CompletableFuture$UniCompletion done
Event: 55.752 Loading class java/util/concurrent/CompletableFuture$UniApply done
Event: 55.753 Loading class java/util/concurrent/CompletableFuture$UniAccept
Event: 55.754 Loading class java/util/concurrent/CompletableFuture$UniAccept done
Event: 55.755 Loading class java/util/concurrent/CompletableFuture$UniExceptionally
Event: 55.756 Loading class java/util/concurrent/CompletableFuture$UniExceptionally done
Event: 56.493 Loading class java/util/Hashtable$KeySet
Event: 56.498 Loading class java/util/Hashtable$KeySet done
Event: 57.319 Loading class javax/xml/transform/TransformerConfigurationException
Event: 57.320 Loading class javax/xml/transform/TransformerConfigurationException done
Event: 57.391 Loading class java/util/AbstractList$RandomAccessSubList
Event: 57.392 Loading class java/util/AbstractList$SubList
Event: 57.397 Loading class java/util/AbstractList$SubList done
Event: 57.397 Loading class java/util/AbstractList$RandomAccessSubList done
Event: 57.397 Loading class java/util/AbstractList$SubList$1
Event: 57.398 Loading class java/util/AbstractList$SubList$1 done
Event: 57.442 Loading class java/util/LinkedList$LLSpliterator
Event: 57.444 Loading class java/util/LinkedList$LLSpliterator done
Event: 59.443 Loading class jdk/internal/ref/CleanerImpl$InnocuousThreadFactory
Event: 59.444 Loading class jdk/internal/ref/CleanerImpl$InnocuousThreadFactory done

Classes unloaded (11 events):
Event: 39.724 Thread 0x000001a31c2ee910 Unloading class 0x000001a3341ab400 'java/lang/invoke/LambdaForm$MH+0x000001a3341ab400'
Event: 39.724 Thread 0x000001a31c2ee910 Unloading class 0x000001a3341ab000 'java/lang/invoke/LambdaForm$MH+0x000001a3341ab000'
Event: 39.724 Thread 0x000001a31c2ee910 Unloading class 0x000001a3341aac00 'java/lang/invoke/LambdaForm$MH+0x000001a3341aac00'
Event: 39.724 Thread 0x000001a31c2ee910 Unloading class 0x000001a3341aa800 'java/lang/invoke/LambdaForm$MH+0x000001a3341aa800'
Event: 39.724 Thread 0x000001a31c2ee910 Unloading class 0x000001a3341aa400 'java/lang/invoke/LambdaForm$BMH+0x000001a3341aa400'
Event: 39.724 Thread 0x000001a31c2ee910 Unloading class 0x000001a3341aa000 'java/lang/invoke/LambdaForm$DMH+0x000001a3341aa000'
Event: 39.724 Thread 0x000001a31c2ee910 Unloading class 0x000001a3341a8c00 'java/lang/invoke/LambdaForm$DMH+0x000001a3341a8c00'
Event: 41.408 Thread 0x000001a31c2ee910 Unloading class 0x000001a33433a800 'java/lang/invoke/LambdaForm$MH+0x000001a33433a800'
Event: 41.408 Thread 0x000001a31c2ee910 Unloading class 0x000001a33433a000 'java/lang/invoke/LambdaForm$MH+0x000001a33433a000'
Event: 41.408 Thread 0x000001a31c2ee910 Unloading class 0x000001a334339400 'java/lang/invoke/LambdaForm$MH+0x000001a334339400'
Event: 41.408 Thread 0x000001a31c2ee910 Unloading class 0x000001a334339000 'java/lang/invoke/LambdaForm$DMH+0x000001a334339000'

Classes redefined (0 events):
No events

Internal exceptions (20 events):
Event: 56.515 Thread 0x000001a37b422cf0 Exception <a 'java/io/FileNotFoundException'{0x00000000d64cd240}> (0x00000000d64cd240) 
thrown [s\src\hotspot\share\prims\jni.cpp, line 520]
Event: 56.696 Thread 0x000001a37b422cf0 Exception <a 'sun/nio/fs/WindowsException'{0x00000000d67b5f50}> (0x00000000d67b5f50) 
thrown [s\src\hotspot\share\prims\jni.cpp, line 520]
Event: 56.696 Thread 0x000001a37b422cf0 Exception <a 'sun/nio/fs/WindowsException'{0x00000000d67b6668}> (0x00000000d67b6668) 
thrown [s\src\hotspot\share\prims\jni.cpp, line 520]
Event: 56.700 Thread 0x000001a37b422cf0 Exception <a 'sun/nio/fs/WindowsException'{0x00000000d67b7578}> (0x00000000d67b7578) 
thrown [s\src\hotspot\share\prims\jni.cpp, line 520]
Event: 56.700 Thread 0x000001a37b422cf0 Exception <a 'sun/nio/fs/WindowsException'{0x00000000d67b7c90}> (0x00000000d67b7c90) 
thrown [s\src\hotspot\share\prims\jni.cpp, line 520]
Event: 56.718 Thread 0x000001a37b422cf0 Exception <a 'java/io/FileNotFoundException'{0x00000000d67d9250}> (0x00000000d67d9250) 
thrown [s\src\hotspot\share\prims\jni.cpp, line 520]
Event: 56.719 Thread 0x000001a37b422cf0 Exception <a 'java/io/FileNotFoundException'{0x00000000d67d9fd0}> (0x00000000d67d9fd0) 
thrown [s\src\hotspot\share\prims\jni.cpp, line 520]
Event: 56.730 Thread 0x000001a37b422cf0 Exception <a 'sun/nio/fs/WindowsException'{0x00000000d680ca10}> (0x00000000d680ca10) 
thrown [s\src\hotspot\share\prims\jni.cpp, line 520]
Event: 56.730 Thread 0x000001a37b422cf0 Exception <a 'sun/nio/fs/WindowsException'{0x00000000d680d128}> (0x00000000d680d128) 
thrown [s\src\hotspot\share\prims\jni.cpp, line 520]
Event: 56.732 Thread 0x000001a37b422cf0 Exception <a 'sun/nio/fs/WindowsException'{0x00000000d680e010}> (0x00000000d680e010) 
thrown [s\src\hotspot\share\prims\jni.cpp, line 520]
Event: 56.732 Thread 0x000001a37b422cf0 Exception <a 'sun/nio/fs/WindowsException'{0x00000000d680e728}> (0x00000000d680e728) 
thrown [s\src\hotspot\share\prims\jni.cpp, line 520]
Event: 57.212 Thread 0x000001a37dd2bdd0 Exception <a 'java/lang/NoSuchMethodError'{0x00000000d56b2d78}: 'java.lang.Object java.lang.invoke.DirectMethodHandle$Holder.invokeStaticInit(java.lang.Object, java.lang.Object, java.lang.Object)'> (0x00000000d56b2d78) 
thrown [s\src\hotspot\share\interpreter\linkResolver.cpp, line 773]
Event: 57.260 Thread 0x000001a37dd2a390 Exception <a 'sun/nio/fs/WindowsException'{0x00000000d5751dc8}> (0x00000000d5751dc8) 
thrown [s\src\hotspot\share\prims\jni.cpp, line 520]
Event: 57.260 Thread 0x000001a37dd2a390 Exception <a 'sun/nio/fs/WindowsException'{0x00000000d5752790}> (0x00000000d5752790) 
thrown [s\src\hotspot\share\prims\jni.cpp, line 520]
Event: 57.266 Thread 0x000001a37dd2a390 Exception <a 'sun/nio/fs/WindowsException'{0x00000000d5753950}> (0x00000000d5753950) 
thrown [s\src\hotspot\share\prims\jni.cpp, line 520]
Event: 57.267 Thread 0x000001a37dd2a390 Exception <a 'sun/nio/fs/WindowsException'{0x00000000d5754318}> (0x00000000d5754318) 
thrown [s\src\hotspot\share\prims\jni.cpp, line 520]
Event: 57.271 Thread 0x000001a37dd2a390 Exception <a 'sun/nio/fs/WindowsException'{0x00000000d57843d8}> (0x00000000d57843d8) 
thrown [s\src\hotspot\share\prims\jni.cpp, line 520]
Event: 57.271 Thread 0x000001a37dd2a390 Exception <a 'sun/nio/fs/WindowsException'{0x00000000d5784da0}> (0x00000000d5784da0) 
thrown [s\src\hotspot\share\prims\jni.cpp, line 520]
Event: 57.278 Thread 0x000001a37dd2a390 Exception <a 'sun/nio/fs/WindowsException'{0x00000000d5785f38}> (0x00000000d5785f38) 
thrown [s\src\hotspot\share\prims\jni.cpp, line 520]
Event: 57.278 Thread 0x000001a37dd2a390 Exception <a 'sun/nio/fs/WindowsException'{0x00000000d5786650}> (0x00000000d5786650) 
thrown [s\src\hotspot\share\prims\jni.cpp, line 520]

ZGC Phase Switch (0 events):
No events

VM Operations (20 events):
Event: 7998.441 Executing non-safepoint VM operation: HandshakeAllThreads (HandshakeForDeflation)
Event: 7998.442 Executing non-safepoint VM operation: HandshakeAllThreads (HandshakeForDeflation) done
Event: 7998.443 Executing non-safepoint VM operation: RendezvousGCThreads
Event: 7998.443 Executing non-safepoint VM operation: RendezvousGCThreads done
Event: 8058.549 Executing non-safepoint VM operation: HandshakeAllThreads (HandshakeForDeflation)
Event: 8058.549 Executing non-safepoint VM operation: HandshakeAllThreads (HandshakeForDeflation) done
Event: 8058.549 Executing non-safepoint VM operation: RendezvousGCThreads
Event: 8058.549 Executing non-safepoint VM operation: RendezvousGCThreads done
Event: 8239.046 Executing non-safepoint VM operation: HandshakeAllThreads (HandshakeForDeflation)
Event: 8239.046 Executing non-safepoint VM operation: HandshakeAllThreads (HandshakeForDeflation) done
Event: 8239.046 Executing non-safepoint VM operation: RendezvousGCThreads
Event: 8239.046 Executing non-safepoint VM operation: RendezvousGCThreads done
Event: 8299.278 Executing non-safepoint VM operation: HandshakeAllThreads (HandshakeForDeflation)
Event: 8299.278 Executing non-safepoint VM operation: HandshakeAllThreads (HandshakeForDeflation) done
Event: 8299.278 Executing non-safepoint VM operation: RendezvousGCThreads
Event: 8299.279 Executing non-safepoint VM operation: RendezvousGCThreads done
Event: 8479.739 Executing non-safepoint VM operation: HandshakeAllThreads (HandshakeForDeflation)
Event: 8479.740 Executing non-safepoint VM operation: HandshakeAllThreads (HandshakeForDeflation) done
Event: 8479.740 Executing non-safepoint VM operation: RendezvousGCThreads
Event: 8479.740 Executing non-safepoint VM operation: RendezvousGCThreads done

Memory protections (0 events):
No events

Nmethod flushes (20 events):
Event: 51.765 Thread 0x000001a31c2ee910 flushing  nmethod 0x000001a31fdb6610
Event: 51.765 Thread 0x000001a31c2ee910 flushing  nmethod 0x000001a31fdb7690
Event: 51.765 Thread 0x000001a31c2ee910 flushing  nmethod 0x000001a31fdb8610
Event: 51.765 Thread 0x000001a31c2ee910 flushing  nmethod 0x000001a31fdb8c10
Event: 51.765 Thread 0x000001a31c2ee910 flushing  nmethod 0x000001a31fdb9490
Event: 51.765 Thread 0x000001a31c2ee910 flushing  nmethod 0x000001a31fdbb890
Event: 51.765 Thread 0x000001a31c2ee910 flushing  nmethod 0x000001a31fdd7810
Event: 51.765 Thread 0x000001a31c2ee910 flushing  nmethod 0x000001a31fde8510
Event: 51.765 Thread 0x000001a31c2ee910 flushing  nmethod 0x000001a31fe02c10
Event: 51.765 Thread 0x000001a31c2ee910 flushing  nmethod 0x000001a31fe0da10
Event: 51.765 Thread 0x000001a31c2ee910 flushing  nmethod 0x000001a31fe28210
Event: 51.765 Thread 0x000001a31c2ee910 flushing  nmethod 0x000001a31fe50b10
Event: 51.765 Thread 0x000001a31c2ee910 flushing  nmethod 0x000001a31fe75990
Event: 51.765 Thread 0x000001a31c2ee910 flushing  nmethod 0x000001a31fe7db10
Event: 51.765 Thread 0x000001a31c2ee910 flushing  nmethod 0x000001a31fe80390
Event: 51.765 Thread 0x000001a31c2ee910 flushing  nmethod 0x000001a31fe83910
Event: 51.765 Thread 0x000001a31c2ee910 flushing  nmethod 0x000001a31fe88910
Event: 51.765 Thread 0x000001a31c2ee910 flushing  nmethod 0x000001a31fe9a590
Event: 51.765 Thread 0x000001a31c2ee910 flushing  nmethod 0x000001a31feb4310
Event: 51.765 Thread 0x000001a31c2ee910 flushing  nmethod 0x000001a31febd110

Events (20 events):
Event: 58.449 Thread 0x000001a3752c1c50 Thread added: 0x000001a37be90510
Event: 59.167 Thread 0x000001a3752c1c50 Thread added: 0x000001a37c757030
Event: 59.444 Thread 0x000001a37d2c2b40 Thread added: 0x000001a37d2c24b0
Event: 59.487 Thread 0x000001a37c757030 Thread exited: 0x000001a37c757030
Event: 59.850 Thread 0x000001a3752c1c50 Thread added: 0x000001a37e131d60
Event: 62.561 Thread 0x000001a37be90510 Thread exited: 0x000001a37be90510
Event: 62.699 Thread 0x000001a3752c1c50 Thread added: 0x000001a37df21a70
Event: 67.841 Thread 0x000001a37df21a70 Thread exited: 0x000001a37df21a70
Event: 72.842 Thread 0x000001a37e131d60 Thread exited: 0x000001a37e131d60
Event: 72.874 Thread 0x000001a37c9b5df0 Thread exited: 0x000001a37c9b5df0
Event: 116.799 Thread 0x000001a37b4212b0 Thread exited: 0x000001a37b4212b0
Event: 116.829 Thread 0x000001a37b422cf0 Thread exited: 0x000001a37b422cf0
Event: 116.861 Thread 0x000001a37b421940 Thread exited: 0x000001a37b421940
Event: 117.825 Thread 0x000001a37b420c20 Thread exited: 0x000001a37b420c20
Event: 120.501 Thread 0x000001a37d2c2b40 Thread exited: 0x000001a37d2c2b40
Event: 180.512 Thread 0x000001a37dd2bdd0 Thread exited: 0x000001a37dd2bdd0
Event: 240.513 Thread 0x000001a37d2c5930 Thread exited: 0x000001a37d2c5930
Event: 300.515 Thread 0x000001a37dd29670 Thread exited: 0x000001a37dd29670
Event: 360.520 Thread 0x000001a37dd2a390 Thread exited: 0x000001a37dd2a390
Event: 420.531 Thread 0x000001a37d2c31d0 Thread exited: 0x000001a37d2c31d0


Dynamic libraries:
0x00007ff6fac90000 - 0x00007ff6fac9e000 	c:\Users\LENOVO\.vscode\extensions\redhat.java-1.54.0-win32-x64\jre\21.0.10-win32-x86_64\bin\java.exe
0x00007fffa83a0000 - 0x00007fffa8607000 	C:\WINDOWS\SYSTEM32\ntdll.dll
0x00007fffa6bb0000 - 0x00007fffa6c79000 	C:\WINDOWS\System32\KERNEL32.DLL
0x00007fffa57b0000 - 0x00007fffa5ba7000 	C:\WINDOWS\System32\KERNELBASE.dll
0x00007fffa5fd0000 - 0x00007fffa611b000 	C:\WINDOWS\System32\ucrtbase.dll
0x00007fff72320000 - 0x00007fff7233e000 	c:\Users\LENOVO\.vscode\extensions\redhat.java-1.54.0-win32-x64\jre\21.0.10-win32-x86_64\bin\VCRUNTIME140.dll
0x00007fff720b0000 - 0x00007fff720c8000 	c:\Users\LENOVO\.vscode\extensions\redhat.java-1.54.0-win32-x64\jre\21.0.10-win32-x86_64\bin\jli.dll
0x00007fffa6440000 - 0x00007fffa6606000 	C:\WINDOWS\System32\USER32.dll
0x00007fffa5d30000 - 0x00007fffa5d57000 	C:\WINDOWS\System32\win32u.dll
0x00007fff8d250000 - 0x00007fff8d4e2000 	C:\WINDOWS\WinSxS\amd64_microsoft.windows.common-controls_6595b64144ccf1df_6.0.26100.8457_none_3e0b2faee331e92d\COMCTL32.dll
0x00007fffa7620000 - 0x00007fffa76c9000 	C:\WINDOWS\System32\msvcrt.dll
0x00007fffa6af0000 - 0x00007fffa6b1b000 	C:\WINDOWS\System32\GDI32.dll
0x00007fffa5ea0000 - 0x00007fffa5fcc000 	C:\WINDOWS\System32\gdi32full.dll
0x00007fffa5df0000 - 0x00007fffa5e93000 	C:\WINDOWS\System32\msvcp_win.dll
0x00007fffa6120000 - 0x00007fffa6152000 	C:\WINDOWS\System32\IMM32.DLL
0x00007fff7f140000 - 0x00007fff7f14c000 	c:\Users\LENOVO\.vscode\extensions\redhat.java-1.54.0-win32-x64\jre\21.0.10-win32-x86_64\bin\vcruntime140_1.dll
0x00007fff131c0000 - 0x00007fff1324d000 	c:\Users\LENOVO\.vscode\extensions\redhat.java-1.54.0-win32-x64\jre\21.0.10-win32-x86_64\bin\msvcp140.dll
0x00007ffeb0bc0000 - 0x00007ffeb1961000 	c:\Users\LENOVO\.vscode\extensions\redhat.java-1.54.0-win32-x64\jre\21.0.10-win32-x86_64\bin\server\jvm.dll
0x00007fffa6c80000 - 0x00007fffa6d36000 	C:\WINDOWS\System32\ADVAPI32.dll
0x00007fffa7570000 - 0x00007fffa7617000 	C:\WINDOWS\System32\sechost.dll
0x00007fffa69d0000 - 0x00007fffa6ae8000 	C:\WINDOWS\System32\RPCRT4.dll
0x00007fffa6b20000 - 0x00007fffa6ba0000 	C:\WINDOWS\System32\WS2_32.dll
0x00007fffa4c30000 - 0x00007fffa4c8e000 	C:\WINDOWS\SYSTEM32\POWRPROF.dll
0x00007fff9c240000 - 0x00007fff9c276000 	C:\WINDOWS\SYSTEM32\WINMM.dll
0x00007fff95ca0000 - 0x00007fff95cab000 	C:\WINDOWS\SYSTEM32\VERSION.dll
0x00007fffa4c10000 - 0x00007fffa4c24000 	C:\WINDOWS\SYSTEM32\UMPDC.dll
0x00007fffa3b60000 - 0x00007fffa3b7b000 	C:\WINDOWS\SYSTEM32\kernel.appcore.dll
0x00007fff7ef10000 - 0x00007fff7ef1a000 	c:\Users\LENOVO\.vscode\extensions\redhat.java-1.54.0-win32-x64\jre\21.0.10-win32-x86_64\bin\jimage.dll
0x00007fffa2c70000 - 0x00007fffa2eb2000 	C:\WINDOWS\SYSTEM32\DBGHELP.DLL
0x00007fffa6d50000 - 0x00007fffa70d3000 	C:\WINDOWS\System32\combase.dll
0x00007fffa6160000 - 0x00007fffa6239000 	C:\WINDOWS\System32\OLEAUT32.dll
0x00007fff888c0000 - 0x00007fff888fb000 	C:\WINDOWS\SYSTEM32\dbgcore.DLL
0x00007fffa4dd0000 - 0x00007fffa4e78000 	C:\WINDOWS\System32\bcryptPrimitives.dll
0x00007fff7ed90000 - 0x00007fff7ed9f000 	c:\Users\LENOVO\.vscode\extensions\redhat.java-1.54.0-win32-x64\jre\21.0.10-win32-x86_64\bin\instrument.dll
0x00007fff71290000 - 0x00007fff712b0000 	c:\Users\LENOVO\.vscode\extensions\redhat.java-1.54.0-win32-x64\jre\21.0.10-win32-x86_64\bin\java.dll
0x00007fffa7b40000 - 0x00007fffa82ae000 	C:\WINDOWS\System32\SHELL32.dll
0x00007fffa4f40000 - 0x00007fffa57ac000 	C:\WINDOWS\System32\windows.storage.dll
0x00007fffa68d0000 - 0x00007fffa69c6000 	C:\WINDOWS\System32\SHCORE.dll
0x00007fffa6860000 - 0x00007fffa68c6000 	C:\WINDOWS\System32\shlwapi.dll
0x00007fffa4cf0000 - 0x00007fffa4d19000 	C:\WINDOWS\SYSTEM32\profapi.dll
0x00007fff71220000 - 0x00007fff71238000 	c:\Users\LENOVO\.vscode\extensions\redhat.java-1.54.0-win32-x64\jre\21.0.10-win32-x86_64\bin\zip.dll
0x00007fff7ecb0000 - 0x00007fff7ecc0000 	C:\Users\LENOVO\.vscode\extensions\redhat.java-1.54.0-win32-x64\jre\21.0.10-win32-x86_64\bin\net.dll
0x00007fff9fc60000 - 0x00007fff9fd89000 	C:\WINDOWS\SYSTEM32\WINHTTP.dll
0x00007fffa40d0000 - 0x00007fffa413c000 	C:\WINDOWS\system32\mswsock.dll
0x00007fff70910000 - 0x00007fff70926000 	C:\Users\LENOVO\.vscode\extensions\redhat.java-1.54.0-win32-x64\jre\21.0.10-win32-x86_64\bin\nio.dll
0x00007fff7d9c0000 - 0x00007fff7d9d0000 	c:\Users\LENOVO\.vscode\extensions\redhat.java-1.54.0-win32-x64\jre\21.0.10-win32-x86_64\bin\verify.dll
0x00007fff5a680000 - 0x00007fff5a6c5000 	C:\Users\LENOVO\AppData\Roaming\Code\User\globalStorage\redhat.java\1.54.0\config_win\org.eclipse.equinox.launcher\org.eclipse.equinox.launcher.win32.win32.x86_64_1.3.0.v20260203-2149\eclipse_11919.dll
0x00007fffa79a0000 - 0x00007fffa7b37000 	C:\WINDOWS\System32\ole32.dll
0x00007fffa43b0000 - 0x00007fffa43cb000 	C:\WINDOWS\SYSTEM32\CRYPTSP.dll
0x00007fffa3ac0000 - 0x00007fffa3af9000 	C:\WINDOWS\system32\rsaenh.dll
0x00007fffa4180000 - 0x00007fffa41b3000 	C:\WINDOWS\SYSTEM32\USERENV.dll
0x00007fffa4cc0000 - 0x00007fffa4cea000 	C:\WINDOWS\SYSTEM32\bcrypt.dll
0x00007fffa43d0000 - 0x00007fffa43dc000 	C:\WINDOWS\SYSTEM32\CRYPTBASE.dll
0x00007fffa3520000 - 0x00007fffa3552000 	C:\WINDOWS\SYSTEM32\IPHLPAPI.DLL
0x00007fffa8340000 - 0x00007fffa834a000 	C:\WINDOWS\System32\NSI.dll
0x00007fff4a1a0000 - 0x00007fff4a1e9000 	C:\Users\LENOVO\AppData\Local\Temp\jna--2053026509\jna17423485460191902108.dll
0x00007fffa8350000 - 0x00007fffa8358000 	C:\WINDOWS\System32\PSAPI.DLL
0x00007fff9fea0000 - 0x00007fff9febd000 	C:\WINDOWS\SYSTEM32\dhcpcsvc6.DLL
0x00007fff9fe10000 - 0x00007fff9fe35000 	C:\WINDOWS\SYSTEM32\dhcpcsvc.DLL
0x00007fff942d0000 - 0x00007fff942de000 	C:\Users\LENOVO\.vscode\extensions\redhat.java-1.54.0-win32-x64\jre\21.0.10-win32-x86_64\bin\sunmscapi.dll
0x00007fffa5bb0000 - 0x00007fffa5d28000 	C:\WINDOWS\System32\CRYPT32.dll
0x00007fffa45d0000 - 0x00007fffa4600000 	C:\WINDOWS\SYSTEM32\ncrypt.dll
0x00007fffa4580000 - 0x00007fffa45bf000 	C:\WINDOWS\SYSTEM32\NTASN1.dll
0x00007fffa3620000 - 0x00007fffa3752000 	C:\WINDOWS\SYSTEM32\DNSAPI.dll
0x00007fff9ed30000 - 0x00007fff9ed3b000 	C:\Windows\System32\rasadhlp.dll
0x00007fffa01e0000 - 0x00007fffa0266000 	C:\WINDOWS\System32\fwpuclnt.dll
0x00007fff93b70000 - 0x00007fff93b79000 	C:\Users\LENOVO\.vscode\extensions\redhat.java-1.54.0-win32-x64\jre\21.0.10-win32-x86_64\bin\extnet.dll

JVMTI agents:
c:\Users\LENOVO\.vscode\extensions\redhat.java-1.54.0-win32-x64\lombok\lombok-1.18.39-4050.jar path:c:\Users\LENOVO\.vscode\extensions\redhat.java-1.54.0-win32-x64\jre\21.0.10-win32-x86_64\bin\instrument.dll, loaded, initialized, instrumentlib options:none

dbghelp: loaded successfully - version: 4.0.5 - missing functions: none
symbol engine: initialized successfully - sym options: 0x614 - pdb path: .;c:\Users\LENOVO\.vscode\extensions\redhat.java-1.54.0-win32-x64\jre\21.0.10-win32-x86_64\bin;C:\WINDOWS\SYSTEM32;C:\WINDOWS\WinSxS\amd64_microsoft.windows.common-controls_6595b64144ccf1df_6.0.26100.8457_none_3e0b2faee331e92d;c:\Users\LENOVO\.vscode\extensions\redhat.java-1.54.0-win32-x64\jre\21.0.10-win32-x86_64\bin\server;C:\Users\LENOVO\AppData\Roaming\Code\User\globalStorage\redhat.java\1.54.0\config_win\org.eclipse.equinox.launcher\org.eclipse.equinox.launcher.win32.win32.x86_64_1.3.0.v20260203-2149;C:\Users\LENOVO\AppData\Local\Temp\jna--2053026509

VM Arguments:
jvm_args: --add-modules=ALL-SYSTEM --add-opens=java.base/java.util=ALL-UNNAMED --add-opens=java.base/java.lang=ALL-UNNAMED --add-opens=java.base/sun.nio.fs=ALL-UNNAMED -Declipse.application=org.eclipse.jdt.ls.core.id1 -Dosgi.bundles.defaultStartLevel=4 -Declipse.product=org.eclipse.jdt.ls.core.product -Djava.import.generatesMetadataFilesAtProjectRoot=false -DDetectVMInstallationsJob.disabled=true -Dfile.encoding=utf8 -XX:+UseParallelGC -XX:GCTimeRatio=4 -XX:AdaptiveSizePolicyWeight=90 -Dsun.zip.disableMemoryMapping=true -Xmx2G -Xms100m -Xlog:disable -javaagent:c:\Users\LENOVO\.vscode\extensions\redhat.java-1.54.0-win32-x64\lombok\lombok-1.18.39-4050.jar -XX:+HeapDumpOnOutOfMemoryError -XX:HeapDumpPath=c:\Users\LENOVO\AppData\Roaming\Code\User\workspaceStorage\bfb26a46be49cca22d8908512dd732fc\redhat.java -Daether.dependencyCollector.impl=bf 
java_command: c:\Users\LENOVO\.vscode\extensions\redhat.java-1.54.0-win32-x64\server\plugins\org.eclipse.equinox.launcher_1.7.100.v20251111-0406.jar -configuration c:\Users\LENOVO\AppData\Roaming\Code\User\globalStorage\redhat.java\1.54.0\config_win -data c:\Users\LENOVO\AppData\Roaming\Code\User\workspaceStorage\bfb26a46be49cca22d8908512dd732fc\redhat.java\jdt_ws --pipe=\\.\pipe\lsp-fdaf8235ae8cde3007e0fb76a5b35aaf-sock
java_class_path (initial): c:\Users\LENOVO\.vscode\extensions\redhat.java-1.54.0-win32-x64\server\plugins\org.eclipse.equinox.launcher_1.7.100.v20251111-0406.jar
Launcher Type: SUN_STANDARD

[Global flags]
    uintx AdaptiveSizePolicyWeight                 = 90                                        {product} {command line}
     intx CICompilerCount                          = 12                                        {product} {ergonomic}
    uintx GCTimeRatio                              = 4                                         {product} {command line}
     bool HeapDumpOnOutOfMemoryError               = true                                   {manageable} {command line}
    ccstr HeapDumpPath                             = c:\Users\LENOVO\AppData\Roaming\Code\User\workspaceStorage\bfb26a46be49cca22d8908512dd732fc\redhat.java         {manageable} {command line}
   size_t InitialHeapSize                          = 104857600                                 {product} {command line}
   size_t MaxHeapSize                              = 2147483648                                {product} {command line}
   size_t MaxNewSize                               = 715653120                                 {product} {ergonomic}
   size_t MinHeapDeltaBytes                        = 524288                                    {product} {ergonomic}
   size_t MinHeapSize                              = 104857600                                 {product} {command line}
   size_t NewSize                                  = 34603008                                  {product} {ergonomic}
    uintx NonNMethodCodeHeapSize                   = 7602480                                {pd product} {ergonomic}
    uintx NonProfiledCodeHeapSize                  = 122027880                              {pd product} {ergonomic}
   size_t OldSize                                  = 70254592                                  {product} {ergonomic}
    uintx ProfiledCodeHeapSize                     = 122027880                              {pd product} {ergonomic}
    uintx ReservedCodeCacheSize                    = 251658240                              {pd product} {ergonomic}
     bool SegmentedCodeCache                       = true                                      {product} {ergonomic}
   size_t SoftMaxHeapSize                          = 2147483648                             {manageable} {ergonomic}
     bool UseCompressedOops                        = true                           {product lp64_product} {ergonomic}
     bool UseLargePagesIndividualAllocation        = false                                  {pd product} {ergonomic}
     bool UseParallelGC                            = true                                      {product} {command line}

Logging:
Log output configuration:
 #0: stdout all=off uptime,level,tags foldmultilines=false
 #1: stderr all=off uptime,level,tags foldmultilines=false

Release file:
JAVA_VERSION="21.0.10" 
MODULES="java.base java.compiler java.datatransfer java.xml java.prefs java.desktop java.instrument java.logging java.management java.security.sasl java.naming java.rmi java.management.rmi java.net.http java.scripting java.security.jgss java.transaction.xa java.sql java.sql.rowset java.xml.crypto java.se java.smartcardio jdk.accessibility jdk.internal.jvmstat jdk.attach jdk.charsets jdk.internal.opt jdk.zipfs jdk.compiler jdk.crypto.ec jdk.crypto.cryptoki jdk.crypto.mscapi jdk.dynalink jdk.internal.ed jdk.editpad jdk.hotspot.agent jdk.httpserver jdk.internal.le jdk.internal.vm.ci jdk.internal.vm.compiler jdk.internal.vm.compiler.management jdk.jartool jdk.javadoc jdk.jcmd jdk.management jdk.management.agent jdk.jconsole jdk.jdeps jdk.jdwp.agent jdk.jdi jdk.jfr jdk.jshell jdk.jsobject jdk.jstatd jdk.localedata jdk.management.jfr jdk.naming.dns jdk.naming.rmi jdk.net jdk.nio.mapmode jdk.random jdk.sctp jdk.security.auth jdk.security.jgss jdk.unsupported jdk.unsupported.desktop jdk.xml.dom" 

Environment Variables:
JAVA_HOME=C:\Program Files\Eclipse Adoptium\jdk-17.0.18.8-hotspot\
PATH=C:\Users\LENOVO\AppData\Local\Programs\Microsoft VS Code;C:\Program Files\Eclipse Adoptium\jdk-17.0.18.8-hotspot\bin;C:\Program Files (x86)\Common Files\Intel\Shared Libraries\redist\intel64\compiler;C:\Program Files (x86)\Common Files\Oracle\Java\javapath;C:\WINDOWS\system32;C:\WINDOWS;C:\WINDOWS\System32\Wbem;C:\WINDOWS\System32\WindowsPowerShell\v1.0\;C:\xampp\mysql\bin;C:\Program Files\Git\cmd;C:\Program Files\MySQL\MySQL Shell 8.0\bin\;C:\Users\LENOVO\AppData\Local\Microsoft\WindowsApps;C:\Users\LENOVO\AppData\Local\Programs\Microsoft VS Code\bin;C:\Users\LENOVO\AppData\Local\Programs\Microsoft VS Code Insiders\bin
USERNAME=LENOVO
OS=Windows_NT
PROCESSOR_IDENTIFIER=Intel64 Family 6 Model 186 Stepping 2, GenuineIntel
TMP=C:\Users\LENOVO\AppData\Local\Temp
TEMP=C:\Users\LENOVO\AppData\Local\Temp




Periodic native trim disabled

---------------  S Y S T E M  ---------------

OS:
 Windows 11 , 64 bit Build 26100 (10.0.26100.8328)
OS uptime: 1 days 7:36 hours
Hyper-V role detected

CPU: total 16 (initial active 16) (8 cores per cpu, 2 threads per core) family 6 model 186 stepping 2 microcode 0x4128, cx8, cmov, fxsr, ht, mmx, 3dnowpref, sse, sse2, sse3, ssse3, sse4.1, sse4.2, popcnt, lzcnt, tsc, tscinvbit, avx, avx2, aes, erms, clmul, bmi1, bmi2, adx, sha, fma, vzeroupper, clflush, clflushopt, clwb, hv, serialize, rdtscp, rdpid, fsrm, f16c, cet_ibt, cet_ss
Processor Information for processor 0
  Max Mhz: 2400, Current Mhz: 2400, Mhz Limit: 2400
Processor Information for processor 1
  Max Mhz: 2400, Current Mhz: 2400, Mhz Limit: 2400
Processor Information for processor 2
  Max Mhz: 2400, Current Mhz: 2400, Mhz Limit: 2400
Processor Information for processor 3
  Max Mhz: 2400, Current Mhz: 2400, Mhz Limit: 2400
Processor Information for processor 4
  Max Mhz: 2400, Current Mhz: 2400, Mhz Limit: 2400
Processor Information for processor 5
  Max Mhz: 2400, Current Mhz: 2400, Mhz Limit: 2400
Processor Information for processor 6
  Max Mhz: 2400, Current Mhz: 2400, Mhz Limit: 2400
Processor Information for processor 7
  Max Mhz: 2400, Current Mhz: 2400, Mhz Limit: 2400
Processor Information for processor 8
  Max Mhz: 2400, Current Mhz: 2400, Mhz Limit: 2400
Processor Information for processor 9
  Max Mhz: 2400, Current Mhz: 2400, Mhz Limit: 2400
Processor Information for processor 10
  Max Mhz: 2400, Current Mhz: 2400, Mhz Limit: 2400
Processor Information for processor 11
  Max Mhz: 2400, Current Mhz: 2400, Mhz Limit: 2400
Processor Information for processor 12
  Max Mhz: 2400, Current Mhz: 1300, Mhz Limit: 1800
Processor Information for processor 13
  Max Mhz: 2400, Current Mhz: 1200, Mhz Limit: 1800
Processor Information for processor 14
  Max Mhz: 2400, Current Mhz: 1200, Mhz Limit: 1800
Processor Information for processor 15
  Max Mhz: 2400, Current Mhz: 1200, Mhz Limit: 1800

Memory: 4k page, system-wide physical 16107M (573M free)
TotalPageFile size 35162M (AvailPageFile size 18M)
current process WorkingSet (physical memory assigned to process): 12M, peak: 298M
current process commit charge ("private bytes"): 365M, peak: 405M

vm_info: OpenJDK 64-Bit Server VM (21.0.10+7-LTS) for windows-amd64 JRE (21.0.10+7-LTS), built on 2026-01-20T00:00:00Z by "admin" with MS VC++ 17.12 (VS2022)

END.
