#
# There is insufficient memory for the Java Runtime Environment to continue.
# Native memory allocation (malloc) failed to allocate 1048576 bytes for AllocateHeap
# Possible reasons:
#   The system is out of physical RAM or swap space
#   The process is running with CompressedOops enabled, and the Java Heap may be blocking the growth of the native heap
# Possible solutions:
#   Reduce memory load on the system
#   Increase physical memory or swap space
#   Check if swap backing store is full
#   Decrease Java heap size (-Xmx/-Xms)
#   Decrease number of Java threads
#   Decrease Java thread stack sizes (-Xss)
#   Set larger code cache with -XX:ReservedCodeCacheSize=
#   JVM is running with Unscaled Compressed Oops mode in which the Java heap is
#     placed in the first 4GB address space. The Java Heap base address is the
#     maximum limit for the native heap growth. Please use -XX:HeapBaseMinAddress
#     to set the Java Heap base and to place the Java Heap above 4GB virtual address.
# This output file may be truncated or incomplete.
#
#  Out of Memory Error (memory/allocation.inline.hpp:61), pid=3024, tid=0x000000000000a4a8
#
# JRE version:  (8.0_401) (build )
# Java VM: Java HotSpot(TM) 64-Bit Server VM (25.401-b10 mixed mode windows-amd64 compressed oops)
# Failed to write core dump. Minidumps are not enabled by default on client versions of Windows
#

---------------  T H R E A D  ---------------

Current thread (0x0000019572778000):  JavaThread "Unknown thread" [_thread_in_vm, id=42152, stack(0x000000838f700000,0x000000838f800000)]

Stack: [0x000000838f700000,0x000000838f800000]
Native frames: (J=compiled Java code, j=interpreted, Vv=VM code, C=native code)
V  [jvm.dll+0x3530d9]
V  [jvm.dll+0x290072]
V  [jvm.dll+0x290c3d]
V  [jvm.dll+0x285275]
V  [jvm.dll+0x502d]
V  [jvm.dll+0x3fa3e8]
V  [jvm.dll+0x3fadde]
V  [jvm.dll+0x105adf]
V  [jvm.dll+0x21b0eb]
V  [jvm.dll+0x24c04a]
V  [jvm.dll+0x16d5e6]
C  [javaw.exe+0x2422]
C  [javaw.exe+0x16be0]
C  [KERNEL32.DLL+0x2e957]
C  [ntdll.dll+0x427c]


---------------  P R O C E S S  ---------------

Java Threads: ( => current thread )

Other Threads:

=>0x0000019572778000 (exited) JavaThread "Unknown thread" [_thread_in_vm, id=42152, stack(0x000000838f700000,0x000000838f800000)]

VM state:not at safepoint (normal execution)

VM Mutex/Monitor currently owned by a thread: None

heap address: 0x00000000ff000000, size: 16 MB, Compressed Oops mode: 32-bit
Narrow klass base: 0x0000000000000000, Narrow klass shift: 3
Compressed class space size: 1073741824 Address: 0x0000000100000000

Heap:
 PSYoungGen      total 4608K, used 81K [0x00000000ffb00000, 0x0000000100000000, 0x0000000100000000)
  eden space 4096K, 2% used [0x00000000ffb00000,0x00000000ffb147b8,0x00000000fff00000)
  from space 512K, 0% used [0x00000000fff80000,0x00000000fff80000,0x0000000100000000)
  to   space 512K, 0% used [0x00000000fff00000,0x00000000fff00000,0x00000000fff80000)
 ParOldGen       total 11264K, used 0K [0x00000000ff000000, 0x00000000ffb00000, 0x00000000ffb00000)
  object space 11264K, 0% used [0x00000000ff000000,0x00000000ff000000,0x00000000ffb00000)
 Metaspace       used 751K, capacity 4480K, committed 4480K, reserved 1056768K
  class space    used 76K, capacity 384K, committed 384K, reserved 1048576K

Card table byte_map: [0x00000195729e0000,0x00000195729f0000] byte_map_base: 0x00000195721e8000

Marking Bits: (ParMarkBitMap*) 0x00007ffb9a015fc0
 Begin Bits: [0x00000195745e0000, 0x0000019574620000)
 End Bits:   [0x0000019574620000, 0x0000019574660000)

Polling page: 0x00000195729b0000

CodeCache: size=245760Kb used=329Kb max_used=329Kb free=245430Kb
 bounds [0x0000019500000000, 0x0000019500270000, 0x000001950f000000]
 total_blobs=58 nmethods=0 adapters=38
 compilation: enabled

Compilation events (0 events):
No events

GC Heap History (0 events):
No events

Deoptimization events (0 events):
No events

Classes redefined (0 events):
No events

Internal exceptions (0 events):
No events

Events (10 events):
Event: 0.082 loading class java/lang/Short
Event: 0.082 loading class java/lang/Short done
Event: 0.082 loading class java/lang/Integer
Event: 0.082 loading class java/lang/Integer done
Event: 0.082 loading class java/lang/Long
Event: 0.083 loading class java/lang/Long done
Event: 0.084 loading class java/lang/NullPointerException
Event: 0.085 loading class java/lang/NullPointerException done
Event: 0.085 loading class java/lang/ArithmeticException
Event: 0.085 loading class java/lang/ArithmeticException done


Dynamic libraries:
0x00007ff715140000 - 0x00007ff71518a000 	C:\Program Files\Java\jre-1.8\bin\javaw.exe
0x00007ffc3cba0000 - 0x00007ffc3ce07000 	C:\WINDOWS\SYSTEM32\ntdll.dll
0x00007ffc3bbb0000 - 0x00007ffc3bc79000 	C:\WINDOWS\System32\KERNEL32.DLL
0x00007ffc39cb0000 - 0x00007ffc3a0a7000 	C:\WINDOWS\System32\KERNELBASE.dll
0x00007ffc3bc80000 - 0x00007ffc3bd36000 	C:\WINDOWS\System32\ADVAPI32.dll
0x00007ffc3acb0000 - 0x00007ffc3ad59000 	C:\WINDOWS\System32\msvcrt.dll
0x00007ffc3bd50000 - 0x00007ffc3bdf7000 	C:\WINDOWS\System32\sechost.dll
0x00007ffc3c4e0000 - 0x00007ffc3c5f8000 	C:\WINDOWS\System32\RPCRT4.dll
0x00007ffc3c270000 - 0x00007ffc3c436000 	C:\WINDOWS\System32\USER32.dll
0x00007ffc397b0000 - 0x00007ffc397d7000 	C:\WINDOWS\System32\win32u.dll
0x00007ffc3aec0000 - 0x00007ffc3aeeb000 	C:\WINDOWS\System32\GDI32.dll
0x00007ffc395d0000 - 0x00007ffc396fc000 	C:\WINDOWS\System32\gdi32full.dll
0x00007ffc39700000 - 0x00007ffc397a3000 	C:\WINDOWS\System32\msvcp_win.dll
0x00007ffc397e0000 - 0x00007ffc3992b000 	C:\WINDOWS\System32\ucrtbase.dll
0x00007ffc1dfb0000 - 0x00007ffc1e242000 	C:\WINDOWS\WinSxS\amd64_microsoft.windows.common-controls_6595b64144ccf1df_6.0.26100.8328_none_3e08182ce334b678\COMCTL32.dll
0x00007ffc3bb70000 - 0x00007ffc3bba2000 	C:\WINDOWS\System32\IMM32.DLL
0x00007ffc27ae0000 - 0x00007ffc27afb000 	C:\Program Files\Java\jre-1.8\bin\vcruntime140.dll
0x00007ffc13340000 - 0x00007ffc1334c000 	C:\Program Files\Java\jre-1.8\bin\vcruntime140_1.dll
0x00007ffbbab00000 - 0x00007ffbbab8e000 	C:\Program Files\Java\jre-1.8\bin\msvcp140.dll
0x00007ffb997e0000 - 0x00007ffb9a090000 	C:\Program Files\Java\jre-1.8\bin\server\jvm.dll
0x00007ffc3be00000 - 0x00007ffc3be08000 	C:\WINDOWS\System32\PSAPI.DLL
0x00007ffc30610000 - 0x00007ffc30646000 	C:\WINDOWS\SYSTEM32\WINMM.dll
0x00007ffc05510000 - 0x00007ffc0551a000 	C:\WINDOWS\SYSTEM32\WSOCK32.dll
0x00007ffc3a920000 - 0x00007ffc3a9a0000 	C:\WINDOWS\System32\WS2_32.dll
0x00007ffc30190000 - 0x00007ffc3019b000 	C:\WINDOWS\SYSTEM32\VERSION.dll
0x00007ffc38360000 - 0x00007ffc3837b000 	C:\WINDOWS\SYSTEM32\kernel.appcore.dll
0x00007ffc099a0000 - 0x00007ffc099b0000 	C:\Program Files\Java\jre-1.8\bin\verify.dll
0x00007ffbdceb0000 - 0x00007ffbdcedb000 	C:\Program Files\Java\jre-1.8\bin\java.dll
0x00007ffc04df0000 - 0x00007ffc04e08000 	C:\Program Files\Java\jre-1.8\bin\zip.dll
0x00007ffc36b40000 - 0x00007ffc36d82000 	C:\WINDOWS\SYSTEM32\dbghelp.dll
0x00007ffc3b7e0000 - 0x00007ffc3bb63000 	C:\WINDOWS\System32\combase.dll
0x00007ffc3bfb0000 - 0x00007ffc3c089000 	C:\WINDOWS\System32\OLEAUT32.dll
0x00007ffc39930000 - 0x00007ffc399d8000 	C:\WINDOWS\System32\bcryptPrimitives.dll

VM Arguments:
jvm_args: -Xmx16m 
java_command: org.eclipse.jdt.internal.launching.support.LibraryDetector
java_class_path (initial): C:\Users\LENOVO\AppData\Roaming\Code\User\globalStorage\redhat.java\1.54.0\config_win\org.eclipse.osgi\57\0\.cp\lib\launchingsupport.jar
Launcher Type: SUN_STANDARD

Environment Variables:
JAVA_HOME=C:\Program Files\Eclipse Adoptium\jdk-17.0.18.8-hotspot\
PATH=C:\Users\LENOVO\AppData\Local\Programs\Microsoft VS Code;C:\Program Files\Eclipse Adoptium\jdk-17.0.18.8-hotspot\bin;C:\Program Files (x86)\Common Files\Intel\Shared Libraries\redist\intel64\compiler;C:\Program Files (x86)\Common Files\Oracle\Java\javapath;C:\WINDOWS\system32;C:\WINDOWS;C:\WINDOWS\System32\Wbem;C:\WINDOWS\System32\WindowsPowerShell\v1.0\;C:\xampp\mysql\bin;C:\Program Files\Git\cmd;C:\Program Files\MySQL\MySQL Shell 8.0\bin\;C:\Users\LENOVO\AppData\Local\Microsoft\WindowsApps;C:\Users\LENOVO\AppData\Local\Programs\Microsoft VS Code\bin;C:\Users\LENOVO\AppData\Local\Programs\Microsoft VS Code Insiders\bin
USERNAME=LENOVO
OS=Windows_NT
PROCESSOR_IDENTIFIER=Intel64 Family 6 Model 186 Stepping 2, GenuineIntel



---------------  S Y S T E M  ---------------

OS: Windows 11 , 64 bit Build 26100 (10.0.26100.8328)

CPU:total 16 (initial active 16) (8 cores per cpu, 2 threads per core) family 6 model 186 stepping 2, cmov, cx8, fxsr, mmx, sse, sse2, sse3, ssse3, sse4.1, sse4.2, popcnt, avx, avx2, aes, clmul, erms, 3dnowpref, lzcnt, ht, tsc, tscinvbit, bmi1, bmi2, adx

Memory: 4k page, physical 16494456k(691792k free), swap 36006516k(33972k free)

vm_info: Java HotSpot(TM) 64-Bit Server VM (25.401-b10) for windows-amd64 JRE (1.8.0_401-b10), built on Dec 19 2023 12:38:48 by "java_re" with MS VC++ 17.1 (VS2022)

time: Tue May 12 13:47:41 2026
timezone: SE Asia Standard Time
elapsed time: 1.130852 seconds (0d 0h 0m 1s)

